mode: atomic
github.com/multiversx/mx-chain-vm-common-go/address.go:28.50,29.61 1 0
github.com/multiversx/mx-chain-vm-common-go/address.go:29.61,31.3 1 0
github.com/multiversx/mx-chain-vm-common-go/address.go:32.2,32.137 1 0
github.com/multiversx/mx-chain-vm-common-go/address.go:36.53,37.54 1 7
github.com/multiversx/mx-chain-vm-common-go/address.go:37.54,39.3 1 1
github.com/multiversx/mx-chain-vm-common-go/address.go:41.2,41.32 1 6
github.com/multiversx/mx-chain-vm-common-go/address.go:41.32,43.3 1 1
github.com/multiversx/mx-chain-vm-common-go/address.go:45.2,47.20 3 5
github.com/multiversx/mx-chain-vm-common-go/address.go:51.42,54.2 2 6
github.com/multiversx/mx-chain-vm-common-go/address.go:57.52,58.26 1 7
github.com/multiversx/mx-chain-vm-common-go/address.go:58.26,60.3 1 1
github.com/multiversx/mx-chain-vm-common-go/address.go:62.2,62.39 1 6
github.com/multiversx/mx-chain-vm-common-go/address.go:62.39,63.48 1 6
github.com/multiversx/mx-chain-vm-common-go/address.go:63.48,65.4 1 2
github.com/multiversx/mx-chain-vm-common-go/address.go:68.2,68.13 1 4
github.com/multiversx/mx-chain-vm-common-go/address.go:72.76,73.88 1 5
github.com/multiversx/mx-chain-vm-common-go/address.go:73.88,75.3 1 1
github.com/multiversx/mx-chain-vm-common-go/address.go:77.2,77.40 1 4
github.com/multiversx/mx-chain-vm-common-go/address.go:77.40,79.3 1 1
github.com/multiversx/mx-chain-vm-common-go/address.go:81.2,81.41 1 3
github.com/multiversx/mx-chain-vm-common-go/address.go:81.41,83.3 1 1
github.com/multiversx/mx-chain-vm-common-go/address.go:85.2,88.31 3 2
github.com/multiversx/mx-chain-vm-common-go/address.go:92.47,94.26 2 0
github.com/multiversx/mx-chain-vm-common-go/address.go:94.26,96.3 1 0
github.com/multiversx/mx-chain-vm-common-go/address.go:98.2,99.66 2 0
github.com/multiversx/mx-chain-vm-common-go/address.go:104.77,105.58 1 2
github.com/multiversx/mx-chain-vm-common-go/address.go:105.58,107.3 1 1
github.com/multiversx/mx-chain-vm-common-go/address.go:109.2,111.50 3 1
github.com/multiversx/mx-chain-vm-common-go/codeMetadata.go:33.55,34.40 1 17
github.com/multiversx/mx-chain-vm-common-go/codeMetadata.go:34.40,36.3 1 1
github.com/multiversx/mx-chain-vm-common-go/codeMetadata.go:38.2,44.3 1 16
github.com/multiversx/mx-chain-vm-common-go/codeMetadata.go:48.48,51.26 2 7
github.com/multiversx/mx-chain-vm-common-go/codeMetadata.go:51.26,53.3 1 1
github.com/multiversx/mx-chain-vm-common-go/codeMetadata.go:54.2,54.23 1 7
github.com/multiversx/mx-chain-vm-common-go/codeMetadata.go:54.23,56.3 1 1
github.com/multiversx/mx-chain-vm-common-go/codeMetadata.go:57.2,57.22 1 7
github.com/multiversx/mx-chain-vm-common-go/codeMetadata.go:57.22,59.3 1 1
github.com/multiversx/mx-chain-vm-common-go/codeMetadata.go:60.2,60.22 1 7
github.com/multiversx/mx-chain-vm-common-go/codeMetadata.go:60.22,62.3 1 1
github.com/multiversx/mx-chain-vm-common-go/codeMetadata.go:63.2,63.26 1 7
github.com/multiversx/mx-chain-vm-common-go/codeMetadata.go:63.26,65.3 1 1
github.com/multiversx/mx-chain-vm-common-go/codeMetadata.go:67.2,67.14 1 7
github.com/multiversx/mx-chain-vm-common-go/common.go:40.41,42.74 2 19
github.com/multiversx/mx-chain-vm-common-go/common.go:42.74,44.3 1 4
github.com/multiversx/mx-chain-vm-common-go/common.go:46.2,48.46 2 15
github.com/multiversx/mx-chain-vm-common-go/common.go:48.46,50.3 1 5
github.com/multiversx/mx-chain-vm-common-go/common.go:53.2,53.33 1 10
github.com/multiversx/mx-chain-vm-common-go/common.go:53.33,55.3 1 2
github.com/multiversx/mx-chain-vm-common-go/common.go:57.2,57.57 1 8
github.com/multiversx/mx-chain-vm-common-go/common.go:57.57,59.3 1 3
github.com/multiversx/mx-chain-vm-common-go/common.go:61.2,61.13 1 5
github.com/multiversx/mx-chain-vm-common-go/common.go:65.44,66.76 1 15
github.com/multiversx/mx-chain-vm-common-go/common.go:66.76,68.3 1 0
github.com/multiversx/mx-chain-vm-common-go/common.go:69.2,69.32 1 15
github.com/multiversx/mx-chain-vm-common-go/common.go:69.32,73.18 4 103
github.com/multiversx/mx-chain-vm-common-go/common.go:73.18,75.4 1 5
github.com/multiversx/mx-chain-vm-common-go/common.go:78.2,78.13 1 10
github.com/multiversx/mx-chain-vm-common-go/common.go:82.45,83.47 1 8
github.com/multiversx/mx-chain-vm-common-go/common.go:83.47,85.3 1 0
github.com/multiversx/mx-chain-vm-common-go/common.go:86.2,86.27 1 8
github.com/multiversx/mx-chain-vm-common-go/common.go:86.27,90.18 4 45
github.com/multiversx/mx-chain-vm-common-go/common.go:90.18,92.4 1 3
github.com/multiversx/mx-chain-vm-common-go/common.go:95.2,95.13 1 5
github.com/multiversx/mx-chain-vm-common-go/common.go:99.46,100.18 1 2
github.com/multiversx/mx-chain-vm-common-go/common.go:100.18,102.3 1 1
github.com/multiversx/mx-chain-vm-common-go/common.go:104.2,104.14 1 1
github.com/multiversx/mx-chain-vm-common-go/gasCost.go:49.49,50.11 1 0
github.com/multiversx/mx-chain-vm-common-go/gasCost.go:50.11,52.3 1 0
github.com/multiversx/mx-chain-vm-common-go/gasCost.go:53.2,53.19 1 0
github.com/multiversx/mx-chain-vm-common-go/output.go:169.93,170.35 1 6
github.com/multiversx/mx-chain-vm-common-go/output.go:170.35,172.3 1 1
github.com/multiversx/mx-chain-vm-common-go/output.go:174.2,176.16 2 5
github.com/multiversx/mx-chain-vm-common-go/output.go:177.19,178.49 1 1
github.com/multiversx/mx-chain-vm-common-go/output.go:179.25,180.58 1 1
github.com/multiversx/mx-chain-vm-common-go/output.go:181.19,182.33 1 1
github.com/multiversx/mx-chain-vm-common-go/output.go:183.16,184.45 1 1
github.com/multiversx/mx-chain-vm-common-go/output.go:187.2,187.55 1 1
github.com/multiversx/mx-chain-vm-common-go/output.go:191.72,193.50 2 0
github.com/multiversx/mx-chain-vm-common-go/output.go:193.50,194.52 1 0
github.com/multiversx/mx-chain-vm-common-go/output.go:194.52,195.41 1 0
github.com/multiversx/mx-chain-vm-common-go/output.go:195.41,197.5 1 0
github.com/multiversx/mx-chain-vm-common-go/output.go:201.2,201.29 1 0
github.com/multiversx/mx-chain-vm-common-go/output.go:205.101,207.36 1 0
github.com/multiversx/mx-chain-vm-common-go/output.go:207.36,209.3 1 0
github.com/multiversx/mx-chain-vm-common-go/output.go:211.2,213.50 3 0
github.com/multiversx/mx-chain-vm-common-go/output.go:213.50,214.62 1 0
github.com/multiversx/mx-chain-vm-common-go/output.go:214.62,215.27 1 0
github.com/multiversx/mx-chain-vm-common-go/output.go:215.27,217.5 1 0
github.com/multiversx/mx-chain-vm-common-go/output.go:218.4,219.20 2 0
github.com/multiversx/mx-chain-vm-common-go/output.go:222.2,222.15 1 0
github.com/multiversx/mx-chain-vm-common-go/output.go:222.15,224.3 1 0
github.com/multiversx/mx-chain-vm-common-go/output.go:226.2,226.12 1 0
github.com/multiversx/mx-chain-vm-common-go/output.go:230.68,231.30 1 1
github.com/multiversx/mx-chain-vm-common-go/output.go:231.30,233.3 1 1
github.com/multiversx/mx-chain-vm-common-go/output.go:235.2,237.27 2 1
github.com/multiversx/mx-chain-vm-common-go/output.go:237.27,239.3 1 1
github.com/multiversx/mx-chain-vm-common-go/output.go:240.2,240.27 1 1
github.com/multiversx/mx-chain-vm-common-go/output.go:240.27,242.3 1 0
github.com/multiversx/mx-chain-vm-common-go/output.go:243.2,243.32 1 1
github.com/multiversx/mx-chain-vm-common-go/output.go:243.32,245.3 1 1
github.com/multiversx/mx-chain-vm-common-go/output.go:246.2,246.26 1 1
github.com/multiversx/mx-chain-vm-common-go/output.go:246.26,248.3 1 1
github.com/multiversx/mx-chain-vm-common-go/output.go:249.2,249.34 1 1
github.com/multiversx/mx-chain-vm-common-go/output.go:249.34,251.3 1 0
github.com/multiversx/mx-chain-vm-common-go/output.go:252.2,252.28 1 1
github.com/multiversx/mx-chain-vm-common-go/output.go:252.28,254.3 1 1
github.com/multiversx/mx-chain-vm-common-go/output.go:256.2,258.48 3 1
github.com/multiversx/mx-chain-vm-common-go/output.go:258.48,260.3 1 1
github.com/multiversx/mx-chain-vm-common-go/output.go:262.2,264.39 2 1
github.com/multiversx/mx-chain-vm-common-go/output.go:264.39,266.3 1 0
github.com/multiversx/mx-chain-vm-common-go/output.go:270.68,271.29 1 1
github.com/multiversx/mx-chain-vm-common-go/output.go:271.29,273.3 1 1
github.com/multiversx/mx-chain-vm-common-go/output.go:274.2,274.49 1 1
github.com/multiversx/mx-chain-vm-common-go/output.go:274.49,276.3 1 1
github.com/multiversx/mx-chain-vm-common-go/output.go:280.53,281.29 1 0
github.com/multiversx/mx-chain-vm-common-go/output.go:281.29,283.3 1 0
github.com/multiversx/mx-chain-vm-common-go/output.go:284.2,284.25 1 0
github.com/multiversx/mx-chain-vm-common-go/output.go:288.97,294.2 5 0
github.com/multiversx/mx-chain-vm-common-go/returnCodes.go:8.38,9.12 1 0
github.com/multiversx/mx-chain-vm-common-go/returnCodes.go:10.10,11.14 1 0
github.com/multiversx/mx-chain-vm-common-go/returnCodes.go:12.24,13.30 1 0
github.com/multiversx/mx-chain-vm-common-go/returnCodes.go:14.30,15.40 1 0
github.com/multiversx/mx-chain-vm-common-go/returnCodes.go:16.24,17.30 1 0
github.com/multiversx/mx-chain-vm-common-go/returnCodes.go:18.17,19.22 1 0
github.com/multiversx/mx-chain-vm-common-go/returnCodes.go:20.16,21.22 1 0
github.com/multiversx/mx-chain-vm-common-go/returnCodes.go:22.24,23.29 1 0
github.com/multiversx/mx-chain-vm-common-go/returnCodes.go:24.18,25.24 1 0
github.com/multiversx/mx-chain-vm-common-go/returnCodes.go:26.25,27.31 1 0
github.com/multiversx/mx-chain-vm-common-go/returnCodes.go:28.23,29.28 1 0
github.com/multiversx/mx-chain-vm-common-go/returnCodes.go:30.23,31.28 1 0
github.com/multiversx/mx-chain-vm-common-go/returnCodes.go:32.10,33.52 1 0
github.com/multiversx/mx-chain-vm-common-go/txDataBuilder/builder.go:18.34,24.2 1 0
github.com/multiversx/mx-chain-vm-common-go/txDataBuilder/builder.go:28.54,33.2 3 0
github.com/multiversx/mx-chain-vm-common-go/txDataBuilder/builder.go:36.49,38.43 2 0
github.com/multiversx/mx-chain-vm-common-go/txDataBuilder/builder.go:38.43,40.3 1 0
github.com/multiversx/mx-chain-vm-common-go/txDataBuilder/builder.go:42.2,42.13 1 0
github.com/multiversx/mx-chain-vm-common-go/txDataBuilder/builder.go:46.48,48.2 1 0
github.com/multiversx/mx-chain-vm-common-go/txDataBuilder/builder.go:51.48,52.32 1 0
github.com/multiversx/mx-chain-vm-common-go/txDataBuilder/builder.go:52.32,54.3 1 0
github.com/multiversx/mx-chain-vm-common-go/txDataBuilder/builder.go:56.2,56.50 1 0
github.com/multiversx/mx-chain-vm-common-go/txDataBuilder/builder.go:60.55,61.32 1 0
github.com/multiversx/mx-chain-vm-common-go/txDataBuilder/builder.go:61.32,63.3 1 0
github.com/multiversx/mx-chain-vm-common-go/txDataBuilder/builder.go:65.2,65.53 1 0
github.com/multiversx/mx-chain-vm-common-go/txDataBuilder/builder.go:69.68,73.2 2 0
github.com/multiversx/mx-chain-vm-common-go/txDataBuilder/builder.go:76.63,81.2 3 0
github.com/multiversx/mx-chain-vm-common-go/txDataBuilder/builder.go:84.66,89.2 3 0
github.com/multiversx/mx-chain-vm-common-go/txDataBuilder/builder.go:92.62,97.2 3 0
github.com/multiversx/mx-chain-vm-common-go/txDataBuilder/builder.go:100.61,105.2 3 0
github.com/multiversx/mx-chain-vm-common-go/txDataBuilder/builder.go:108.65,113.2 3 0
github.com/multiversx/mx-chain-vm-common-go/txDataBuilder/builder.go:116.53,118.2 1 0
github.com/multiversx/mx-chain-vm-common-go/txDataBuilder/builder.go:121.54,123.2 1 0
github.com/multiversx/mx-chain-vm-common-go/txDataBuilder/builder.go:127.63,128.11 1 0
github.com/multiversx/mx-chain-vm-common-go/txDataBuilder/builder.go:128.11,130.3 1 0
github.com/multiversx/mx-chain-vm-common-go/txDataBuilder/builder.go:132.2,132.24 1 0
github.com/multiversx/mx-chain-vm-common-go/txDataBuilder/builder.go:136.69,138.2 1 0
github.com/multiversx/mx-chain-vm-common-go/txDataBuilder/builder.go:141.117,143.2 1 0
github.com/multiversx/mx-chain-vm-common-go/txDataBuilder/builder.go:146.86,148.2 1 0
github.com/multiversx/mx-chain-vm-common-go/txDataBuilder/builder.go:151.100,153.2 1 0
github.com/multiversx/mx-chain-vm-common-go/txDataBuilder/builder.go:156.82,158.2 1 0
github.com/multiversx/mx-chain-vm-common-go/txDataBuilder/builder.go:161.67,163.2 1 0
github.com/multiversx/mx-chain-vm-common-go/txDataBuilder/builder.go:166.65,168.2 1 0
github.com/multiversx/mx-chain-vm-common-go/txDataBuilder/builder.go:171.66,173.2 1 0
github.com/multiversx/mx-chain-vm-common-go/txDataBuilder/builder.go:176.65,178.2 1 0
github.com/multiversx/mx-chain-vm-common-go/txDataBuilder/builder.go:181.65,183.2 1 0
github.com/multiversx/mx-chain-vm-common-go/txDataBuilder/builder.go:186.82,188.2 1 0
github.com/multiversx/mx-chain-vm-common-go/txDataBuilder/builder.go:191.76,193.2 1 0
github.com/multiversx/mx-chain-vm-common-go/txDataBuilder/builder.go:196.53,198.2 1 0
github.com/multiversx/mx-chain-vm-common-go/mock/accountWrapperMock.go:27.48,28.2 0 0
github.com/multiversx/mx-chain-vm-common-go/mock/accountWrapperMock.go:31.59,33.2 1 0
github.com/multiversx/mx-chain-vm-common-go/mock/accountWrapperMock.go:36.79,37.36 1 0
github.com/multiversx/mx-chain-vm-common-go/mock/accountWrapperMock.go:37.36,39.3 1 0
github.com/multiversx/mx-chain-vm-common-go/mock/accountWrapperMock.go:41.2,41.41 1 0
github.com/multiversx/mx-chain-vm-common-go/mock/accountWrapperMock.go:45.74,48.2 2 0
github.com/multiversx/mx-chain-vm-common-go/mock/accountWrapperMock.go:51.95,53.2 1 0
github.com/multiversx/mx-chain-vm-common-go/mock/accountWrapperMock.go:56.54,61.2 1 0
github.com/multiversx/mx-chain-vm-common-go/mock/accountWrapperMock.go:64.47,66.2 1 0
github.com/multiversx/mx-chain-vm-common-go/mock/accountWrapperMock.go:69.52,70.2 0 0
github.com/multiversx/mx-chain-vm-common-go/mock/accountWrapperMock.go:73.50,75.2 1 0
github.com/multiversx/mx-chain-vm-common-go/mock/accountWrapperMock.go:78.60,80.2 1 0
github.com/multiversx/mx-chain-vm-common-go/mock/accountWrapperMock.go:83.62,85.2 1 0
github.com/multiversx/mx-chain-vm-common-go/mock/accountWrapperMock.go:88.51,90.2 1 0
github.com/multiversx/mx-chain-vm-common-go/mock/accountWrapperMock.go:93.77,95.2 1 0
github.com/multiversx/mx-chain-vm-common-go/mock/accountWrapperMock.go:98.63,100.2 0 0
github.com/multiversx/mx-chain-vm-common-go/mock/accountWrapperMock.go:103.59,105.2 1 0
github.com/multiversx/mx-chain-vm-common-go/mock/accountWrapperMock.go:108.70,110.2 1 0
github.com/multiversx/mx-chain-vm-common-go/mock/accountWrapperMock.go:113.54,115.2 0 0
github.com/multiversx/mx-chain-vm-common-go/mock/accountWrapperMock.go:118.54,120.2 1 0
github.com/multiversx/mx-chain-vm-common-go/mock/accountWrapperMock.go:123.50,125.2 1 0
github.com/multiversx/mx-chain-vm-common-go/mock/accountWrapperMock.go:128.58,130.2 1 0
github.com/multiversx/mx-chain-vm-common-go/mock/accountWrapperMock.go:133.50,135.2 1 0
github.com/multiversx/mx-chain-vm-common-go/mock/accountWrapperMock.go:138.66,140.2 1 0
github.com/multiversx/mx-chain-vm-common-go/mock/accountWrapperMock.go:143.54,145.2 1 0
github.com/multiversx/mx-chain-vm-common-go/mock/accountWrapperMock.go:148.50,150.2 1 0
github.com/multiversx/mx-chain-vm-common-go/mock/accountWrapperMock.go:153.58,155.2 1 0
github.com/multiversx/mx-chain-vm-common-go/mock/accountWrapperMock.go:158.51,160.2 1 0
github.com/multiversx/mx-chain-vm-common-go/mock/accountWrapperMock.go:163.78,165.2 1 0
github.com/multiversx/mx-chain-vm-common-go/mock/accountWrapperMock.go:168.55,170.2 1 0
github.com/multiversx/mx-chain-vm-common-go/mock/accountWrapperMock.go:173.47,175.2 1 0
github.com/multiversx/mx-chain-vm-common-go/mock/accountWrapperMock.go:178.51,180.2 1 0
github.com/multiversx/mx-chain-vm-common-go/mock/accountsStub.go:28.57,29.29 1 0
github.com/multiversx/mx-chain-vm-common-go/mock/accountsStub.go:29.29,31.3 1 0
github.com/multiversx/mx-chain-vm-common-go/mock/accountsStub.go:32.2,32.12 1 0
github.com/multiversx/mx-chain-vm-common-go/mock/accountsStub.go:36.86,37.33 1 0
github.com/multiversx/mx-chain-vm-common-go/mock/accountsStub.go:37.33,39.3 1 0
github.com/multiversx/mx-chain-vm-common-go/mock/accountsStub.go:40.2,40.31 1 0
github.com/multiversx/mx-chain-vm-common-go/mock/accountsStub.go:44.76,45.33 1 0
github.com/multiversx/mx-chain-vm-common-go/mock/accountsStub.go:45.33,47.3 1 0
github.com/multiversx/mx-chain-vm-common-go/mock/accountsStub.go:48.2,48.12 1 0
github.com/multiversx/mx-chain-vm-common-go/mock/accountsStub.go:54.50,55.28 1 0
github.com/multiversx/mx-chain-vm-common-go/mock/accountsStub.go:55.28,57.3 1 0
github.com/multiversx/mx-chain-vm-common-go/mock/accountsStub.go:59.2,59.31 1 0
github.com/multiversx/mx-chain-vm-common-go/mock/accountsStub.go:63.93,64.40 1 0
github.com/multiversx/mx-chain-vm-common-go/mock/accountsStub.go:64.40,66.3 1 0
github.com/multiversx/mx-chain-vm-common-go/mock/accountsStub.go:68.2,68.31 1 0
github.com/multiversx/mx-chain-vm-common-go/mock/accountsStub.go:72.42,73.32 1 0
github.com/multiversx/mx-chain-vm-common-go/mock/accountsStub.go:73.32,75.3 1 0
github.com/multiversx/mx-chain-vm-common-go/mock/accountsStub.go:77.2,77.10 1 0
github.com/multiversx/mx-chain-vm-common-go/mock/accountsStub.go:81.61,82.35 1 0
github.com/multiversx/mx-chain-vm-common-go/mock/accountsStub.go:82.35,84.3 1 0
github.com/multiversx/mx-chain-vm-common-go/mock/accountsStub.go:86.2,86.26 1 0
github.com/multiversx/mx-chain-vm-common-go/mock/accountsStub.go:90.62,91.38 1 0
github.com/multiversx/mx-chain-vm-common-go/mock/accountsStub.go:91.38,93.3 1 0
github.com/multiversx/mx-chain-vm-common-go/mock/accountsStub.go:95.2,95.26 1 0
github.com/multiversx/mx-chain-vm-common-go/mock/accountsStub.go:99.52,100.30 1 0
github.com/multiversx/mx-chain-vm-common-go/mock/accountsStub.go:100.30,102.3 1 0
github.com/multiversx/mx-chain-vm-common-go/mock/accountsStub.go:104.2,104.31 1 0
github.com/multiversx/mx-chain-vm-common-go/mock/accountsStub.go:108.75,109.35 1 0
github.com/multiversx/mx-chain-vm-common-go/mock/accountsStub.go:109.35,111.3 1 0
github.com/multiversx/mx-chain-vm-common-go/mock/accountsStub.go:115.80,116.40 1 0
github.com/multiversx/mx-chain-vm-common-go/mock/accountsStub.go:116.40,118.3 1 0
github.com/multiversx/mx-chain-vm-common-go/mock/accountsStub.go:122.49,123.38 1 0
github.com/multiversx/mx-chain-vm-common-go/mock/accountsStub.go:123.38,125.3 1 0
github.com/multiversx/mx-chain-vm-common-go/mock/accountsStub.go:127.2,127.14 1 0
github.com/multiversx/mx-chain-vm-common-go/mock/accountsStub.go:131.47,133.2 1 0
github.com/multiversx/mx-chain-vm-common-go/mock/blockChainEpochHookStub.go:9.57,10.33 1 0
github.com/multiversx/mx-chain-vm-common-go/mock/blockChainEpochHookStub.go:10.33,12.3 1 0
github.com/multiversx/mx-chain-vm-common-go/mock/blockChainEpochHookStub.go:13.2,13.10 1 0
github.com/multiversx/mx-chain-vm-common-go/mock/blockChainEpochHookStub.go:17.57,19.2 1 0
github.com/multiversx/mx-chain-vm-common-go/mock/blockDataHandlerStub.go:9.54,10.33 1 0
github.com/multiversx/mx-chain-vm-common-go/mock/blockDataHandlerStub.go:10.33,12.3 1 0
github.com/multiversx/mx-chain-vm-common-go/mock/blockDataHandlerStub.go:13.2,13.10 1 0
github.com/multiversx/mx-chain-vm-common-go/mock/blockDataHandlerStub.go:17.54,19.2 1 0
github.com/multiversx/mx-chain-vm-common-go/mock/builtInFunctionStub.go:17.165,18.43 1 0
github.com/multiversx/mx-chain-vm-common-go/mock/builtInFunctionStub.go:18.43,20.3 1 0
github.com/multiversx/mx-chain-vm-common-go/mock/builtInFunctionStub.go:21.2,21.34 1 0
github.com/multiversx/mx-chain-vm-common-go/mock/builtInFunctionStub.go:25.74,26.36 1 0
github.com/multiversx/mx-chain-vm-common-go/mock/builtInFunctionStub.go:26.36,28.3 1 0
github.com/multiversx/mx-chain-vm-common-go/mock/builtInFunctionStub.go:32.47,33.29 1 0
github.com/multiversx/mx-chain-vm-common-go/mock/builtInFunctionStub.go:33.29,35.3 1 0
github.com/multiversx/mx-chain-vm-common-go/mock/builtInFunctionStub.go:36.2,36.13 1 0
github.com/multiversx/mx-chain-vm-common-go/mock/builtInFunctionStub.go:40.99,41.38 1 0
github.com/multiversx/mx-chain-vm-common-go/mock/builtInFunctionStub.go:41.38,43.3 1 0
github.com/multiversx/mx-chain-vm-common-go/mock/builtInFunctionStub.go:44.2,44.12 1 0
github.com/multiversx/mx-chain-vm-common-go/mock/builtInFunctionStub.go:48.53,49.33 1 0
github.com/multiversx/mx-chain-vm-common-go/mock/builtInFunctionStub.go:49.33,51.3 1 0
github.com/multiversx/mx-chain-vm-common-go/mock/builtInFunctionStub.go:52.2,52.10 1 0
github.com/multiversx/mx-chain-vm-common-go/mock/builtInFunctionStub.go:56.53,58.2 1 0
github.com/multiversx/mx-chain-vm-common-go/mock/dataTrieTrackerStub.go:17.52,18.39 1 0
github.com/multiversx/mx-chain-vm-common-go/mock/dataTrieTrackerStub.go:18.39,20.3 1 0
github.com/multiversx/mx-chain-vm-common-go/mock/dataTrieTrackerStub.go:24.64,25.33 1 0
github.com/multiversx/mx-chain-vm-common-go/mock/dataTrieTrackerStub.go:25.33,27.3 1 0
github.com/multiversx/mx-chain-vm-common-go/mock/dataTrieTrackerStub.go:28.2,28.12 1 0
github.com/multiversx/mx-chain-vm-common-go/mock/dataTrieTrackerStub.go:32.84,33.37 1 0
github.com/multiversx/mx-chain-vm-common-go/mock/dataTrieTrackerStub.go:33.37,35.3 1 0
github.com/multiversx/mx-chain-vm-common-go/mock/dataTrieTrackerStub.go:36.2,36.20 1 0
github.com/multiversx/mx-chain-vm-common-go/mock/dataTrieTrackerStub.go:40.79,41.36 1 0
github.com/multiversx/mx-chain-vm-common-go/mock/dataTrieTrackerStub.go:41.36,43.3 1 0
github.com/multiversx/mx-chain-vm-common-go/mock/dataTrieTrackerStub.go:44.2,44.12 1 0
github.com/multiversx/mx-chain-vm-common-go/mock/dataTrieTrackerStub.go:48.103,50.2 1 0
github.com/multiversx/mx-chain-vm-common-go/mock/dataTrieTrackerStub.go:53.56,55.2 1 0
github.com/multiversx/mx-chain-vm-common-go/mock/enableEpochsHandlerStub.go:14.84,15.37 1 0
github.com/multiversx/mx-chain-vm-common-go/mock/enableEpochsHandlerStub.go:15.37,17.3 1 0
github.com/multiversx/mx-chain-vm-common-go/mock/enableEpochsHandlerStub.go:18.2,18.13 1 0
github.com/multiversx/mx-chain-vm-common-go/mock/enableEpochsHandlerStub.go:22.84,23.37 1 0
github.com/multiversx/mx-chain-vm-common-go/mock/enableEpochsHandlerStub.go:23.37,25.3 1 0
github.com/multiversx/mx-chain-vm-common-go/mock/enableEpochsHandlerStub.go:26.2,26.14 1 0
github.com/multiversx/mx-chain-vm-common-go/mock/enableEpochsHandlerStub.go:30.105,31.44 1 0
github.com/multiversx/mx-chain-vm-common-go/mock/enableEpochsHandlerStub.go:31.44,33.3 1 0
github.com/multiversx/mx-chain-vm-common-go/mock/enableEpochsHandlerStub.go:34.2,34.14 1 0
github.com/multiversx/mx-chain-vm-common-go/mock/enableEpochsHandlerStub.go:38.91,39.42 1 0
github.com/multiversx/mx-chain-vm-common-go/mock/enableEpochsHandlerStub.go:39.42,41.3 1 0
github.com/multiversx/mx-chain-vm-common-go/mock/enableEpochsHandlerStub.go:42.2,42.10 1 0
github.com/multiversx/mx-chain-vm-common-go/mock/enableEpochsHandlerStub.go:46.60,48.2 1 0
github.com/multiversx/mx-chain-vm-common-go/mock/esdtRoleHandlerStub.go:11.127,12.42 1 0
github.com/multiversx/mx-chain-vm-common-go/mock/esdtRoleHandlerStub.go:12.42,14.3 1 0
github.com/multiversx/mx-chain-vm-common-go/mock/esdtRoleHandlerStub.go:16.2,16.12 1 0
github.com/multiversx/mx-chain-vm-common-go/mock/esdtRoleHandlerStub.go:20.53,22.2 1 0
github.com/multiversx/mx-chain-vm-common-go/mock/esdtStorageHandlerStub.go:25.226,26.40 1 0
github.com/multiversx/mx-chain-vm-common-go/mock/esdtStorageHandlerStub.go:26.40,28.3 1 0
github.com/multiversx/mx-chain-vm-common-go/mock/esdtStorageHandlerStub.go:29.2,29.17 1 0
github.com/multiversx/mx-chain-vm-common-go/mock/esdtStorageHandlerStub.go:33.163,34.47 1 0
github.com/multiversx/mx-chain-vm-common-go/mock/esdtStorageHandlerStub.go:34.47,36.3 1 0
github.com/multiversx/mx-chain-vm-common-go/mock/esdtStorageHandlerStub.go:37.2,37.17 1 0
github.com/multiversx/mx-chain-vm-common-go/mock/esdtStorageHandlerStub.go:41.125,42.52 1 0
github.com/multiversx/mx-chain-vm-common-go/mock/esdtStorageHandlerStub.go:42.52,44.3 1 0
github.com/multiversx/mx-chain-vm-common-go/mock/esdtStorageHandlerStub.go:45.2,45.17 1 0
github.com/multiversx/mx-chain-vm-common-go/mock/esdtStorageHandlerStub.go:49.136,50.51 1 0
github.com/multiversx/mx-chain-vm-common-go/mock/esdtStorageHandlerStub.go:50.51,52.3 1 0
github.com/multiversx/mx-chain-vm-common-go/mock/esdtStorageHandlerStub.go:53.2,53.12 1 0
github.com/multiversx/mx-chain-vm-common-go/mock/esdtStorageHandlerStub.go:57.174,58.52 1 0
github.com/multiversx/mx-chain-vm-common-go/mock/esdtStorageHandlerStub.go:58.52,60.3 1 0
github.com/multiversx/mx-chain-vm-common-go/mock/esdtStorageHandlerStub.go:61.2,61.24 1 0
github.com/multiversx/mx-chain-vm-common-go/mock/esdtStorageHandlerStub.go:65.241,66.75 1 0
github.com/multiversx/mx-chain-vm-common-go/mock/esdtStorageHandlerStub.go:66.75,68.3 1 0
github.com/multiversx/mx-chain-vm-common-go/mock/esdtStorageHandlerStub.go:69.2,69.24 1 0
github.com/multiversx/mx-chain-vm-common-go/mock/esdtStorageHandlerStub.go:73.151,74.70 1 0
github.com/multiversx/mx-chain-vm-common-go/mock/esdtStorageHandlerStub.go:74.70,76.3 1 0
github.com/multiversx/mx-chain-vm-common-go/mock/esdtStorageHandlerStub.go:77.2,77.19 1 0
github.com/multiversx/mx-chain-vm-common-go/mock/esdtStorageHandlerStub.go:81.90,82.39 1 0
github.com/multiversx/mx-chain-vm-common-go/mock/esdtStorageHandlerStub.go:82.39,84.3 1 0
github.com/multiversx/mx-chain-vm-common-go/mock/esdtStorageHandlerStub.go:85.2,85.12 1 0
github.com/multiversx/mx-chain-vm-common-go/mock/esdtStorageHandlerStub.go:89.181,90.47 1 0
github.com/multiversx/mx-chain-vm-common-go/mock/esdtStorageHandlerStub.go:90.47,92.3 1 0
github.com/multiversx/mx-chain-vm-common-go/mock/esdtStorageHandlerStub.go:93.2,93.12 1 0
github.com/multiversx/mx-chain-vm-common-go/mock/esdtStorageHandlerStub.go:97.62,99.2 1 0
github.com/multiversx/mx-chain-vm-common-go/mock/guardedAccountHandlerStub.go:13.111,14.41 1 0
github.com/multiversx/mx-chain-vm-common-go/mock/guardedAccountHandlerStub.go:14.41,16.3 1 0
github.com/multiversx/mx-chain-vm-common-go/mock/guardedAccountHandlerStub.go:17.2,17.17 1 0
github.com/multiversx/mx-chain-vm-common-go/mock/guardedAccountHandlerStub.go:21.168,22.35 1 0
github.com/multiversx/mx-chain-vm-common-go/mock/guardedAccountHandlerStub.go:22.35,24.3 1 0
github.com/multiversx/mx-chain-vm-common-go/mock/guardedAccountHandlerStub.go:25.2,25.12 1 0
github.com/multiversx/mx-chain-vm-common-go/mock/guardedAccountHandlerStub.go:29.94,30.44 1 0
github.com/multiversx/mx-chain-vm-common-go/mock/guardedAccountHandlerStub.go:30.44,32.3 1 0
github.com/multiversx/mx-chain-vm-common-go/mock/guardedAccountHandlerStub.go:36.62,38.2 1 0
github.com/multiversx/mx-chain-vm-common-go/mock/marshalizerMock.go:16.69,17.13 1 0
github.com/multiversx/mx-chain-vm-common-go/mock/marshalizerMock.go:17.13,19.3 1 0
github.com/multiversx/mx-chain-vm-common-go/mock/marshalizerMock.go:21.2,21.16 1 0
github.com/multiversx/mx-chain-vm-common-go/mock/marshalizerMock.go:21.16,23.3 1 0
github.com/multiversx/mx-chain-vm-common-go/mock/marshalizerMock.go:25.2,25.26 1 0
github.com/multiversx/mx-chain-vm-common-go/mock/marshalizerMock.go:29.74,30.13 1 0
github.com/multiversx/mx-chain-vm-common-go/mock/marshalizerMock.go:30.13,32.3 1 0
github.com/multiversx/mx-chain-vm-common-go/mock/marshalizerMock.go:34.2,34.16 1 0
github.com/multiversx/mx-chain-vm-common-go/mock/marshalizerMock.go:34.16,36.3 1 0
github.com/multiversx/mx-chain-vm-common-go/mock/marshalizerMock.go:38.2,38.17 1 0
github.com/multiversx/mx-chain-vm-common-go/mock/marshalizerMock.go:38.17,40.3 1 0
github.com/multiversx/mx-chain-vm-common-go/mock/marshalizerMock.go:42.2,42.20 1 0
github.com/multiversx/mx-chain-vm-common-go/mock/marshalizerMock.go:42.20,44.3 1 0
github.com/multiversx/mx-chain-vm-common-go/mock/marshalizerMock.go:46.2,46.34 1 0
github.com/multiversx/mx-chain-vm-common-go/mock/marshalizerMock.go:50.50,52.2 1 0
github.com/multiversx/mx-chain-vm-common-go/mock/multipleShardsCoordinatorMock.go:14.72,16.2 1 0
github.com/multiversx/mx-chain-vm-common-go/mock/multipleShardsCoordinatorMock.go:19.83,21.2 1 0
github.com/multiversx/mx-chain-vm-common-go/mock/multipleShardsCoordinatorMock.go:24.67,26.2 1 0
github.com/multiversx/mx-chain-vm-common-go/mock/multipleShardsCoordinatorMock.go:29.76,30.32 1 0
github.com/multiversx/mx-chain-vm-common-go/mock/multipleShardsCoordinatorMock.go:30.32,32.3 1 0
github.com/multiversx/mx-chain-vm-common-go/mock/multipleShardsCoordinatorMock.go:33.2,33.37 1 0
github.com/multiversx/mx-chain-vm-common-go/mock/multipleShardsCoordinatorMock.go:37.59,39.2 1 0
github.com/multiversx/mx-chain-vm-common-go/mock/multipleShardsCoordinatorMock.go:42.69,44.2 1 0
github.com/multiversx/mx-chain-vm-common-go/mock/multipleShardsCoordinatorMock.go:47.71,49.2 1 0
github.com/multiversx/mx-chain-vm-common-go/mock/multipleShardsCoordinatorMock.go:52.72,54.2 1 0
github.com/multiversx/mx-chain-vm-common-go/mock/multipleShardsCoordinatorMock.go:58.94,59.37 1 0
github.com/multiversx/mx-chain-vm-common-go/mock/multipleShardsCoordinatorMock.go:59.37,61.3 1 0
github.com/multiversx/mx-chain-vm-common-go/mock/multipleShardsCoordinatorMock.go:63.2,63.36 1 0
github.com/multiversx/mx-chain-vm-common-go/mock/multipleShardsCoordinatorMock.go:63.36,65.3 1 0
github.com/multiversx/mx-chain-vm-common-go/mock/multipleShardsCoordinatorMock.go:67.2,67.61 1 0
github.com/multiversx/mx-chain-vm-common-go/mock/multipleShardsCoordinatorMock.go:71.65,73.2 1 0
github.com/multiversx/mx-chain-vm-common-go/mock/pauseHandlerStub.go:14.65,15.29 1 0
github.com/multiversx/mx-chain-vm-common-go/mock/pauseHandlerStub.go:15.29,17.3 1 0
github.com/multiversx/mx-chain-vm-common-go/mock/pauseHandlerStub.go:18.2,18.14 1 0
github.com/multiversx/mx-chain-vm-common-go/mock/pauseHandlerStub.go:22.74,23.38 1 0
github.com/multiversx/mx-chain-vm-common-go/mock/pauseHandlerStub.go:23.38,25.3 1 0
github.com/multiversx/mx-chain-vm-common-go/mock/pauseHandlerStub.go:26.2,26.14 1 0
github.com/multiversx/mx-chain-vm-common-go/mock/pauseHandlerStub.go:30.69,31.33 1 0
github.com/multiversx/mx-chain-vm-common-go/mock/pauseHandlerStub.go:31.33,33.3 1 0
github.com/multiversx/mx-chain-vm-common-go/mock/pauseHandlerStub.go:34.2,34.14 1 0
github.com/multiversx/mx-chain-vm-common-go/mock/pauseHandlerStub.go:38.117,39.58 1 0
github.com/multiversx/mx-chain-vm-common-go/mock/pauseHandlerStub.go:39.58,41.3 1 0
github.com/multiversx/mx-chain-vm-common-go/mock/pauseHandlerStub.go:42.2,42.14 1 0
github.com/multiversx/mx-chain-vm-common-go/mock/pauseHandlerStub.go:46.87,47.33 1 0
github.com/multiversx/mx-chain-vm-common-go/mock/pauseHandlerStub.go:47.33,49.3 1 0
github.com/multiversx/mx-chain-vm-common-go/mock/pauseHandlerStub.go:50.2,50.15 1 0
github.com/multiversx/mx-chain-vm-common-go/mock/pauseHandlerStub.go:54.95,55.33 1 0
github.com/multiversx/mx-chain-vm-common-go/mock/pauseHandlerStub.go:55.33,57.3 1 0
github.com/multiversx/mx-chain-vm-common-go/mock/pauseHandlerStub.go:58.2,58.12 1 0
github.com/multiversx/mx-chain-vm-common-go/mock/pauseHandlerStub.go:62.59,64.2 1 0
github.com/multiversx/mx-chain-vm-common-go/mock/payableHandlerStub.go:13.73,14.30 1 0
github.com/multiversx/mx-chain-vm-common-go/mock/payableHandlerStub.go:14.30,16.3 1 0
github.com/multiversx/mx-chain-vm-common-go/mock/payableHandlerStub.go:17.2,17.18 1 0
github.com/multiversx/mx-chain-vm-common-go/mock/payableHandlerStub.go:21.118,22.33 1 0
github.com/multiversx/mx-chain-vm-common-go/mock/payableHandlerStub.go:22.33,24.3 1 0
github.com/multiversx/mx-chain-vm-common-go/mock/payableHandlerStub.go:25.2,25.12 1 0
github.com/multiversx/mx-chain-vm-common-go/mock/payableHandlerStub.go:29.127,30.43 1 0
github.com/multiversx/mx-chain-vm-common-go/mock/payableHandlerStub.go:30.43,32.3 1 0
github.com/multiversx/mx-chain-vm-common-go/mock/payableHandlerStub.go:33.2,33.14 1 0
github.com/multiversx/mx-chain-vm-common-go/mock/payableHandlerStub.go:37.52,39.2 1 0
github.com/multiversx/mx-chain-vm-common-go/mock/shardCoordinatorStub.go:13.66,14.45 1 0
github.com/multiversx/mx-chain-vm-common-go/mock/shardCoordinatorStub.go:14.45,16.3 1 0
github.com/multiversx/mx-chain-vm-common-go/mock/shardCoordinatorStub.go:17.2,17.10 1 0
github.com/multiversx/mx-chain-vm-common-go/mock/shardCoordinatorStub.go:21.75,22.40 1 0
github.com/multiversx/mx-chain-vm-common-go/mock/shardCoordinatorStub.go:22.40,24.3 1 0
github.com/multiversx/mx-chain-vm-common-go/mock/shardCoordinatorStub.go:25.2,25.10 1 0
github.com/multiversx/mx-chain-vm-common-go/mock/shardCoordinatorStub.go:29.58,30.37 1 0
github.com/multiversx/mx-chain-vm-common-go/mock/shardCoordinatorStub.go:30.37,32.3 1 0
github.com/multiversx/mx-chain-vm-common-go/mock/shardCoordinatorStub.go:33.2,33.10 1 0
github.com/multiversx/mx-chain-vm-common-go/mock/shardCoordinatorStub.go:37.93,39.2 1 0
github.com/multiversx/mx-chain-vm-common-go/mock/shardCoordinatorStub.go:42.93,44.2 1 0
github.com/multiversx/mx-chain-vm-common-go/mock/shardCoordinatorStub.go:47.64,49.2 1 0
github.com/multiversx/mx-chain-vm-common-go/mock/userAccountMock.go:37.46,51.2 1 0
github.com/multiversx/mx-chain-vm-common-go/mock/userAccountMock.go:54.51,56.12 2 0
github.com/multiversx/mx-chain-vm-common-go/mock/userAccountMock.go:56.12,58.3 1 0
github.com/multiversx/mx-chain-vm-common-go/mock/userAccountMock.go:59.2,59.14 1 0
github.com/multiversx/mx-chain-vm-common-go/mock/userAccountMock.go:65.88,69.2 3 0
github.com/multiversx/mx-chain-vm-common-go/mock/userAccountMock.go:72.41,74.2 1 0
github.com/multiversx/mx-chain-vm-common-go/mock/userAccountMock.go:77.37,79.2 1 0
github.com/multiversx/mx-chain-vm-common-go/mock/userAccountMock.go:82.36,84.2 1 0
github.com/multiversx/mx-chain-vm-common-go/mock/userAccountMock.go:87.44,89.2 1 0
github.com/multiversx/mx-chain-vm-common-go/mock/userAccountMock.go:92.40,94.2 1 0
github.com/multiversx/mx-chain-vm-common-go/mock/userAccountMock.go:97.40,99.2 1 0
github.com/multiversx/mx-chain-vm-common-go/mock/userAccountMock.go:102.41,104.2 1 0
github.com/multiversx/mx-chain-vm-common-go/mock/userAccountMock.go:107.45,109.2 1 0
github.com/multiversx/mx-chain-vm-common-go/mock/userAccountMock.go:112.49,114.2 1 0
github.com/multiversx/mx-chain-vm-common-go/mock/userAccountMock.go:117.44,119.2 1 0
github.com/multiversx/mx-chain-vm-common-go/mock/userAccountMock.go:122.40,124.2 1 0
github.com/multiversx/mx-chain-vm-common-go/mock/userAccountMock.go:127.41,129.2 1 0
github.com/multiversx/mx-chain-vm-common-go/mock/userAccountMock.go:132.40,135.2 2 0
github.com/multiversx/mx-chain-vm-common-go/mock/userAccountMock.go:138.56,140.2 1 0
github.com/multiversx/mx-chain-vm-common-go/mock/userAccountMock.go:143.44,145.2 1 0
github.com/multiversx/mx-chain-vm-common-go/mock/userAccountMock.go:148.44,150.2 1 0
github.com/multiversx/mx-chain-vm-common-go/mock/userAccountMock.go:153.68,155.2 1 0
github.com/multiversx/mx-chain-vm-common-go/mock/userAccountMock.go:158.54,160.30 2 0
github.com/multiversx/mx-chain-vm-common-go/mock/userAccountMock.go:160.30,162.3 1 0
github.com/multiversx/mx-chain-vm-common-go/mock/userAccountMock.go:164.2,165.12 2 0
github.com/multiversx/mx-chain-vm-common-go/mock/userAccountMock.go:169.56,171.30 2 0
github.com/multiversx/mx-chain-vm-common-go/mock/userAccountMock.go:171.30,173.3 1 0
github.com/multiversx/mx-chain-vm-common-go/mock/userAccountMock.go:175.2,176.12 2 0
github.com/multiversx/mx-chain-vm-common-go/mock/userAccountMock.go:180.74,181.42 1 0
github.com/multiversx/mx-chain-vm-common-go/mock/userAccountMock.go:181.42,183.3 1 0
github.com/multiversx/mx-chain-vm-common-go/mock/userAccountMock.go:185.2,188.22 3 0
github.com/multiversx/mx-chain-vm-common-go/mock/userAccountMock.go:192.56,194.2 1 0
github.com/multiversx/mx-chain-vm-common-go/mock/userAccountMock.go:197.78,198.42 1 0
github.com/multiversx/mx-chain-vm-common-go/mock/userAccountMock.go:198.42,200.3 1 0
github.com/multiversx/mx-chain-vm-common-go/mock/userAccountMock.go:201.2,201.39 1 0
github.com/multiversx/mx-chain-vm-common-go/mock/userAccountMock.go:201.39,203.3 1 0
github.com/multiversx/mx-chain-vm-common-go/mock/userAccountMock.go:205.2,207.12 2 0
github.com/multiversx/mx-chain-vm-common-go/mock/userAccountMock.go:211.51,213.2 1 0
github.com/multiversx/mx-chain-vm-common-go/mock/userAccountMock.go:216.48,219.2 2 0
github.com/multiversx/mx-chain-vm-common-go/mock/userAccountMock.go:222.47,224.2 1 0
github.com/multiversx/mx-chain-vm-common-go/mock/userAccountMock.go:227.69,229.2 1 0
github.com/multiversx/mx-chain-vm-common-go/mock/userAccountMock.go:232.64,235.2 2 0
github.com/multiversx/mx-chain-vm-common-go/mock/userAccountMock.go:238.88,240.2 1 0
github.com/multiversx/mx-chain-vm-common-go/mock/userAccountMock.go:243.38,244.2 0 0
github.com/multiversx/mx-chain-vm-common-go/mock/userAccountMock.go:247.49,249.2 1 0
github.com/multiversx/mx-chain-vm-common-go/mock/userAccountMock.go:252.36,266.2 1 0
github.com/multiversx/mx-chain-vm-common-go/mock/userAccountMock.go:268.52,270.36 2 0
github.com/multiversx/mx-chain-vm-common-go/mock/userAccountMock.go:270.36,272.3 1 0
github.com/multiversx/mx-chain-vm-common-go/mock/userAccountMock.go:274.2,274.14 1 0
github.com/multiversx/mx-chain-vm-common-go/mock/userAccountMock.go:277.34,281.2 3 0
github.com/multiversx/mx-chain-vm-common-go/mock/userAccountStub.go:19.45,21.2 1 0
github.com/multiversx/mx-chain-vm-common-go/mock/userAccountStub.go:24.50,25.2 0 0
github.com/multiversx/mx-chain-vm-common-go/mock/userAccountStub.go:28.48,30.2 1 0
github.com/multiversx/mx-chain-vm-common-go/mock/userAccountStub.go:33.62,34.33 1 0
github.com/multiversx/mx-chain-vm-common-go/mock/userAccountStub.go:34.33,36.3 1 0
github.com/multiversx/mx-chain-vm-common-go/mock/userAccountStub.go:37.2,37.12 1 0
github.com/multiversx/mx-chain-vm-common-go/mock/userAccountStub.go:41.60,43.2 1 0
github.com/multiversx/mx-chain-vm-common-go/mock/userAccountStub.go:46.49,48.2 1 0
github.com/multiversx/mx-chain-vm-common-go/mock/userAccountStub.go:51.75,53.2 1 0
github.com/multiversx/mx-chain-vm-common-go/mock/userAccountStub.go:56.61,58.2 0 0
github.com/multiversx/mx-chain-vm-common-go/mock/userAccountStub.go:61.57,63.2 1 0
github.com/multiversx/mx-chain-vm-common-go/mock/userAccountStub.go:66.68,68.2 1 0
github.com/multiversx/mx-chain-vm-common-go/mock/userAccountStub.go:71.52,73.2 0 0
github.com/multiversx/mx-chain-vm-common-go/mock/userAccountStub.go:76.52,78.2 1 0
github.com/multiversx/mx-chain-vm-common-go/mock/userAccountStub.go:81.49,83.2 1 0
github.com/multiversx/mx-chain-vm-common-go/mock/userAccountStub.go:86.52,87.2 0 0
github.com/multiversx/mx-chain-vm-common-go/mock/userAccountStub.go:90.45,92.2 1 0
github.com/multiversx/mx-chain-vm-common-go/mock/userAccountStub.go:95.46,97.2 0 0
github.com/multiversx/mx-chain-vm-common-go/mock/userAccountStub.go:100.64,101.36 1 0
github.com/multiversx/mx-chain-vm-common-go/mock/userAccountStub.go:101.36,103.3 1 0
github.com/multiversx/mx-chain-vm-common-go/mock/userAccountStub.go:107.52,108.36 1 0
github.com/multiversx/mx-chain-vm-common-go/mock/userAccountStub.go:108.36,110.3 1 0
github.com/multiversx/mx-chain-vm-common-go/mock/userAccountStub.go:111.2,111.12 1 0
github.com/multiversx/mx-chain-vm-common-go/mock/userAccountStub.go:115.50,117.2 0 0
github.com/multiversx/mx-chain-vm-common-go/mock/userAccountStub.go:120.48,122.2 1 0
github.com/multiversx/mx-chain-vm-common-go/mock/userAccountStub.go:125.50,127.2 0 0
github.com/multiversx/mx-chain-vm-common-go/mock/userAccountStub.go:130.48,132.2 1 0
github.com/multiversx/mx-chain-vm-common-go/mock/userAccountStub.go:135.76,136.39 1 0
github.com/multiversx/mx-chain-vm-common-go/mock/userAccountStub.go:136.39,138.3 1 0
github.com/multiversx/mx-chain-vm-common-go/mock/userAccountStub.go:139.2,139.12 1 0
github.com/multiversx/mx-chain-vm-common-go/mock/userAccountStub.go:143.49,145.2 1 0
github.com/multiversx/mx-chain-vm-common-go/mock/withBlockDataHandlerStub.go:12.99,13.40 1 0
github.com/multiversx/mx-chain-vm-common-go/mock/withBlockDataHandlerStub.go:13.40,15.3 1 0
github.com/multiversx/mx-chain-vm-common-go/mock/withBlockDataHandlerStub.go:16.2,16.12 1 0
github.com/multiversx/mx-chain-vm-common-go/mock/withBlockDataHandlerStub.go:20.60,21.33 1 0
github.com/multiversx/mx-chain-vm-common-go/mock/withBlockDataHandlerStub.go:21.33,23.3 1 0
github.com/multiversx/mx-chain-vm-common-go/mock/withBlockDataHandlerStub.go:24.2,24.10 1 0
github.com/multiversx/mx-chain-vm-common-go/mock/withBlockDataHandlerStub.go:28.60,30.2 1 0
github.com/multiversx/mx-chain-vm-common-go/dataTrieMigrator/dataTrieMigrator.go:27.74,34.2 1 7
github.com/multiversx/mx-chain-vm-common-go/dataTrieMigrator/dataTrieMigrator.go:38.59,39.41 1 3
github.com/multiversx/mx-chain-vm-common-go/dataTrieMigrator/dataTrieMigrator.go:39.41,41.3 1 1
github.com/multiversx/mx-chain-vm-common-go/dataTrieMigrator/dataTrieMigrator.go:43.2,45.44 2 2
github.com/multiversx/mx-chain-vm-common-go/dataTrieMigrator/dataTrieMigrator.go:50.129,51.44 1 5
github.com/multiversx/mx-chain-vm-common-go/dataTrieMigrator/dataTrieMigrator.go:51.44,53.3 1 1
github.com/multiversx/mx-chain-vm-common-go/dataTrieMigrator/dataTrieMigrator.go:55.2,55.47 1 4
github.com/multiversx/mx-chain-vm-common-go/dataTrieMigrator/dataTrieMigrator.go:55.47,57.3 1 3
github.com/multiversx/mx-chain-vm-common-go/dataTrieMigrator/dataTrieMigrator.go:59.2,59.52 1 4
github.com/multiversx/mx-chain-vm-common-go/dataTrieMigrator/dataTrieMigrator.go:62.91,63.43 1 3
github.com/multiversx/mx-chain-vm-common-go/dataTrieMigrator/dataTrieMigrator.go:63.43,65.3 1 1
github.com/multiversx/mx-chain-vm-common-go/dataTrieMigrator/dataTrieMigrator.go:67.2,69.67 2 2
github.com/multiversx/mx-chain-vm-common-go/dataTrieMigrator/dataTrieMigrator.go:73.70,75.2 1 1
github.com/multiversx/mx-chain-vm-common-go/dataTrieMigrator/dataTrieMigrator.go:78.55,80.2 1 2
github.com/multiversx/mx-chain-vm-common-go/dataTrieMigrator/dataTrieMigrator.go:83.52,85.2 1 1
github.com/multiversx/mx-chain-vm-common-go/container/mutexMap.go:12.30,16.2 1 13
github.com/multiversx/mx-chain-vm-common-go/container/mutexMap.go:19.62,25.2 4 107
github.com/multiversx/mx-chain-vm-common-go/container/mutexMap.go:29.67,33.9 3 102
github.com/multiversx/mx-chain-vm-common-go/container/mutexMap.go:33.9,35.3 1 101
github.com/multiversx/mx-chain-vm-common-go/container/mutexMap.go:37.2,39.12 2 102
github.com/multiversx/mx-chain-vm-common-go/container/mutexMap.go:43.59,47.2 3 215
github.com/multiversx/mx-chain-vm-common-go/container/mutexMap.go:50.45,54.2 3 102
github.com/multiversx/mx-chain-vm-common-go/container/mutexMap.go:57.31,62.2 3 4
github.com/multiversx/mx-chain-vm-common-go/container/mutexMap.go:65.42,68.27 3 102
github.com/multiversx/mx-chain-vm-common-go/container/mutexMap.go:68.27,70.3 1 303
github.com/multiversx/mx-chain-vm-common-go/container/mutexMap.go:71.2,73.13 2 102
github.com/multiversx/mx-chain-vm-common-go/container/mutexMap.go:77.44,80.34 3 103
github.com/multiversx/mx-chain-vm-common-go/container/mutexMap.go:80.34,82.3 1 5160
github.com/multiversx/mx-chain-vm-common-go/container/mutexMap.go:83.2,85.15 2 103
github.com/multiversx/mx-chain-vm-common-go/mock/accountWrapperMock.go:27.48,28.2 0 0
github.com/multiversx/mx-chain-vm-common-go/mock/accountWrapperMock.go:31.59,33.2 1 0
github.com/multiversx/mx-chain-vm-common-go/mock/accountWrapperMock.go:36.79,37.36 1 0
github.com/multiversx/mx-chain-vm-common-go/mock/accountWrapperMock.go:37.36,39.3 1 0
github.com/multiversx/mx-chain-vm-common-go/mock/accountWrapperMock.go:41.2,41.41 1 0
github.com/multiversx/mx-chain-vm-common-go/mock/accountWrapperMock.go:45.74,48.2 2 0
github.com/multiversx/mx-chain-vm-common-go/mock/accountWrapperMock.go:51.95,53.2 1 0
github.com/multiversx/mx-chain-vm-common-go/mock/accountWrapperMock.go:56.54,61.2 1 0
github.com/multiversx/mx-chain-vm-common-go/mock/accountWrapperMock.go:64.47,66.2 1 0
github.com/multiversx/mx-chain-vm-common-go/mock/accountWrapperMock.go:69.52,70.2 0 0
github.com/multiversx/mx-chain-vm-common-go/mock/accountWrapperMock.go:73.50,75.2 1 0
github.com/multiversx/mx-chain-vm-common-go/mock/accountWrapperMock.go:78.60,80.2 1 0
github.com/multiversx/mx-chain-vm-common-go/mock/accountWrapperMock.go:83.62,85.2 1 0
github.com/multiversx/mx-chain-vm-common-go/mock/accountWrapperMock.go:88.51,90.2 1 0
github.com/multiversx/mx-chain-vm-common-go/mock/accountWrapperMock.go:93.77,95.2 1 0
github.com/multiversx/mx-chain-vm-common-go/mock/accountWrapperMock.go:98.63,100.2 0 0
github.com/multiversx/mx-chain-vm-common-go/mock/accountWrapperMock.go:103.59,105.2 1 0
github.com/multiversx/mx-chain-vm-common-go/mock/accountWrapperMock.go:108.70,110.2 1 0
github.com/multiversx/mx-chain-vm-common-go/mock/accountWrapperMock.go:113.54,115.2 0 0
github.com/multiversx/mx-chain-vm-common-go/mock/accountWrapperMock.go:118.54,120.2 1 0
github.com/multiversx/mx-chain-vm-common-go/mock/accountWrapperMock.go:123.50,125.2 1 0
github.com/multiversx/mx-chain-vm-common-go/mock/accountWrapperMock.go:128.58,130.2 1 0
github.com/multiversx/mx-chain-vm-common-go/mock/accountWrapperMock.go:133.50,135.2 1 0
github.com/multiversx/mx-chain-vm-common-go/mock/accountWrapperMock.go:138.66,140.2 1 0
github.com/multiversx/mx-chain-vm-common-go/mock/accountWrapperMock.go:143.54,145.2 1 0
github.com/multiversx/mx-chain-vm-common-go/mock/accountWrapperMock.go:148.50,150.2 1 0
github.com/multiversx/mx-chain-vm-common-go/mock/accountWrapperMock.go:153.58,155.2 1 0
github.com/multiversx/mx-chain-vm-common-go/mock/accountWrapperMock.go:158.51,160.2 1 0
github.com/multiversx/mx-chain-vm-common-go/mock/accountWrapperMock.go:163.78,165.2 1 0
github.com/multiversx/mx-chain-vm-common-go/mock/accountWrapperMock.go:168.55,170.2 1 0
github.com/multiversx/mx-chain-vm-common-go/mock/accountWrapperMock.go:173.47,175.2 1 0
github.com/multiversx/mx-chain-vm-common-go/mock/accountWrapperMock.go:178.51,180.2 1 0
github.com/multiversx/mx-chain-vm-common-go/mock/accountsStub.go:28.57,29.29 1 0
github.com/multiversx/mx-chain-vm-common-go/mock/accountsStub.go:29.29,31.3 1 0
github.com/multiversx/mx-chain-vm-common-go/mock/accountsStub.go:32.2,32.12 1 0
github.com/multiversx/mx-chain-vm-common-go/mock/accountsStub.go:36.86,37.33 1 0
github.com/multiversx/mx-chain-vm-common-go/mock/accountsStub.go:37.33,39.3 1 0
github.com/multiversx/mx-chain-vm-common-go/mock/accountsStub.go:40.2,40.31 1 0
github.com/multiversx/mx-chain-vm-common-go/mock/accountsStub.go:44.76,45.33 1 0
github.com/multiversx/mx-chain-vm-common-go/mock/accountsStub.go:45.33,47.3 1 0
github.com/multiversx/mx-chain-vm-common-go/mock/accountsStub.go:48.2,48.12 1 0
github.com/multiversx/mx-chain-vm-common-go/mock/accountsStub.go:54.50,55.28 1 0
github.com/multiversx/mx-chain-vm-common-go/mock/accountsStub.go:55.28,57.3 1 0
github.com/multiversx/mx-chain-vm-common-go/mock/accountsStub.go:59.2,59.31 1 0
github.com/multiversx/mx-chain-vm-common-go/mock/accountsStub.go:63.93,64.40 1 0
github.com/multiversx/mx-chain-vm-common-go/mock/accountsStub.go:64.40,66.3 1 0
github.com/multiversx/mx-chain-vm-common-go/mock/accountsStub.go:68.2,68.31 1 0
github.com/multiversx/mx-chain-vm-common-go/mock/accountsStub.go:72.42,73.32 1 0
github.com/multiversx/mx-chain-vm-common-go/mock/accountsStub.go:73.32,75.3 1 0
github.com/multiversx/mx-chain-vm-common-go/mock/accountsStub.go:77.2,77.10 1 0
github.com/multiversx/mx-chain-vm-common-go/mock/accountsStub.go:81.61,82.35 1 0
github.com/multiversx/mx-chain-vm-common-go/mock/accountsStub.go:82.35,84.3 1 0
github.com/multiversx/mx-chain-vm-common-go/mock/accountsStub.go:86.2,86.26 1 0
github.com/multiversx/mx-chain-vm-common-go/mock/accountsStub.go:90.62,91.38 1 0
github.com/multiversx/mx-chain-vm-common-go/mock/accountsStub.go:91.38,93.3 1 0
github.com/multiversx/mx-chain-vm-common-go/mock/accountsStub.go:95.2,95.26 1 0
github.com/multiversx/mx-chain-vm-common-go/mock/accountsStub.go:99.52,100.30 1 0
github.com/multiversx/mx-chain-vm-common-go/mock/accountsStub.go:100.30,102.3 1 0
github.com/multiversx/mx-chain-vm-common-go/mock/accountsStub.go:104.2,104.31 1 0
github.com/multiversx/mx-chain-vm-common-go/mock/accountsStub.go:108.75,109.35 1 0
github.com/multiversx/mx-chain-vm-common-go/mock/accountsStub.go:109.35,111.3 1 0
github.com/multiversx/mx-chain-vm-common-go/mock/accountsStub.go:115.80,116.40 1 0
github.com/multiversx/mx-chain-vm-common-go/mock/accountsStub.go:116.40,118.3 1 0
github.com/multiversx/mx-chain-vm-common-go/mock/accountsStub.go:122.49,123.38 1 0
github.com/multiversx/mx-chain-vm-common-go/mock/accountsStub.go:123.38,125.3 1 0
github.com/multiversx/mx-chain-vm-common-go/mock/accountsStub.go:127.2,127.14 1 0
github.com/multiversx/mx-chain-vm-common-go/mock/accountsStub.go:131.47,133.2 1 0
github.com/multiversx/mx-chain-vm-common-go/mock/blockChainEpochHookStub.go:9.57,10.33 1 0
github.com/multiversx/mx-chain-vm-common-go/mock/blockChainEpochHookStub.go:10.33,12.3 1 0
github.com/multiversx/mx-chain-vm-common-go/mock/blockChainEpochHookStub.go:13.2,13.10 1 0
github.com/multiversx/mx-chain-vm-common-go/mock/blockChainEpochHookStub.go:17.57,19.2 1 0
github.com/multiversx/mx-chain-vm-common-go/mock/blockDataHandlerStub.go:9.54,10.33 1 0
github.com/multiversx/mx-chain-vm-common-go/mock/blockDataHandlerStub.go:10.33,12.3 1 0
github.com/multiversx/mx-chain-vm-common-go/mock/blockDataHandlerStub.go:13.2,13.10 1 0
github.com/multiversx/mx-chain-vm-common-go/mock/blockDataHandlerStub.go:17.54,19.2 1 0
github.com/multiversx/mx-chain-vm-common-go/mock/builtInFunctionStub.go:17.165,18.43 1 0
github.com/multiversx/mx-chain-vm-common-go/mock/builtInFunctionStub.go:18.43,20.3 1 0
github.com/multiversx/mx-chain-vm-common-go/mock/builtInFunctionStub.go:21.2,21.34 1 0
github.com/multiversx/mx-chain-vm-common-go/mock/builtInFunctionStub.go:25.74,26.36 1 0
github.com/multiversx/mx-chain-vm-common-go/mock/builtInFunctionStub.go:26.36,28.3 1 0
github.com/multiversx/mx-chain-vm-common-go/mock/builtInFunctionStub.go:32.47,33.29 1 0
github.com/multiversx/mx-chain-vm-common-go/mock/builtInFunctionStub.go:33.29,35.3 1 0
github.com/multiversx/mx-chain-vm-common-go/mock/builtInFunctionStub.go:36.2,36.13 1 0
github.com/multiversx/mx-chain-vm-common-go/mock/builtInFunctionStub.go:40.99,41.38 1 0
github.com/multiversx/mx-chain-vm-common-go/mock/builtInFunctionStub.go:41.38,43.3 1 0
github.com/multiversx/mx-chain-vm-common-go/mock/builtInFunctionStub.go:44.2,44.12 1 0
github.com/multiversx/mx-chain-vm-common-go/mock/builtInFunctionStub.go:48.53,49.33 1 0
github.com/multiversx/mx-chain-vm-common-go/mock/builtInFunctionStub.go:49.33,51.3 1 0
github.com/multiversx/mx-chain-vm-common-go/mock/builtInFunctionStub.go:52.2,52.10 1 0
github.com/multiversx/mx-chain-vm-common-go/mock/builtInFunctionStub.go:56.53,58.2 1 0
github.com/multiversx/mx-chain-vm-common-go/mock/dataTrieTrackerStub.go:17.52,18.39 1 0
github.com/multiversx/mx-chain-vm-common-go/mock/dataTrieTrackerStub.go:18.39,20.3 1 0
github.com/multiversx/mx-chain-vm-common-go/mock/dataTrieTrackerStub.go:24.64,25.33 1 0
github.com/multiversx/mx-chain-vm-common-go/mock/dataTrieTrackerStub.go:25.33,27.3 1 0
github.com/multiversx/mx-chain-vm-common-go/mock/dataTrieTrackerStub.go:28.2,28.12 1 0
github.com/multiversx/mx-chain-vm-common-go/mock/dataTrieTrackerStub.go:32.84,33.37 1 0
github.com/multiversx/mx-chain-vm-common-go/mock/dataTrieTrackerStub.go:33.37,35.3 1 0
github.com/multiversx/mx-chain-vm-common-go/mock/dataTrieTrackerStub.go:36.2,36.20 1 0
github.com/multiversx/mx-chain-vm-common-go/mock/dataTrieTrackerStub.go:40.79,41.36 1 0
github.com/multiversx/mx-chain-vm-common-go/mock/dataTrieTrackerStub.go:41.36,43.3 1 0
github.com/multiversx/mx-chain-vm-common-go/mock/dataTrieTrackerStub.go:44.2,44.12 1 0
github.com/multiversx/mx-chain-vm-common-go/mock/dataTrieTrackerStub.go:48.103,50.2 1 0
github.com/multiversx/mx-chain-vm-common-go/mock/dataTrieTrackerStub.go:53.56,55.2 1 0
github.com/multiversx/mx-chain-vm-common-go/mock/enableEpochsHandlerStub.go:14.84,15.37 1 0
github.com/multiversx/mx-chain-vm-common-go/mock/enableEpochsHandlerStub.go:15.37,17.3 1 0
github.com/multiversx/mx-chain-vm-common-go/mock/enableEpochsHandlerStub.go:18.2,18.13 1 0
github.com/multiversx/mx-chain-vm-common-go/mock/enableEpochsHandlerStub.go:22.84,23.37 1 0
github.com/multiversx/mx-chain-vm-common-go/mock/enableEpochsHandlerStub.go:23.37,25.3 1 0
github.com/multiversx/mx-chain-vm-common-go/mock/enableEpochsHandlerStub.go:26.2,26.14 1 0
github.com/multiversx/mx-chain-vm-common-go/mock/enableEpochsHandlerStub.go:30.105,31.44 1 0
github.com/multiversx/mx-chain-vm-common-go/mock/enableEpochsHandlerStub.go:31.44,33.3 1 0
github.com/multiversx/mx-chain-vm-common-go/mock/enableEpochsHandlerStub.go:34.2,34.14 1 0
github.com/multiversx/mx-chain-vm-common-go/mock/enableEpochsHandlerStub.go:38.91,39.42 1 0
github.com/multiversx/mx-chain-vm-common-go/mock/enableEpochsHandlerStub.go:39.42,41.3 1 0
github.com/multiversx/mx-chain-vm-common-go/mock/enableEpochsHandlerStub.go:42.2,42.10 1 0
github.com/multiversx/mx-chain-vm-common-go/mock/enableEpochsHandlerStub.go:46.60,48.2 1 0
github.com/multiversx/mx-chain-vm-common-go/mock/esdtRoleHandlerStub.go:11.127,12.42 1 0
github.com/multiversx/mx-chain-vm-common-go/mock/esdtRoleHandlerStub.go:12.42,14.3 1 0
github.com/multiversx/mx-chain-vm-common-go/mock/esdtRoleHandlerStub.go:16.2,16.12 1 0
github.com/multiversx/mx-chain-vm-common-go/mock/esdtRoleHandlerStub.go:20.53,22.2 1 0
github.com/multiversx/mx-chain-vm-common-go/mock/esdtStorageHandlerStub.go:25.226,26.40 1 0
github.com/multiversx/mx-chain-vm-common-go/mock/esdtStorageHandlerStub.go:26.40,28.3 1 0
github.com/multiversx/mx-chain-vm-common-go/mock/esdtStorageHandlerStub.go:29.2,29.17 1 0
github.com/multiversx/mx-chain-vm-common-go/mock/esdtStorageHandlerStub.go:33.163,34.47 1 0
github.com/multiversx/mx-chain-vm-common-go/mock/esdtStorageHandlerStub.go:34.47,36.3 1 0
github.com/multiversx/mx-chain-vm-common-go/mock/esdtStorageHandlerStub.go:37.2,37.17 1 0
github.com/multiversx/mx-chain-vm-common-go/mock/esdtStorageHandlerStub.go:41.125,42.52 1 0
github.com/multiversx/mx-chain-vm-common-go/mock/esdtStorageHandlerStub.go:42.52,44.3 1 0
github.com/multiversx/mx-chain-vm-common-go/mock/esdtStorageHandlerStub.go:45.2,45.17 1 0
github.com/multiversx/mx-chain-vm-common-go/mock/esdtStorageHandlerStub.go:49.136,50.51 1 0
github.com/multiversx/mx-chain-vm-common-go/mock/esdtStorageHandlerStub.go:50.51,52.3 1 0
github.com/multiversx/mx-chain-vm-common-go/mock/esdtStorageHandlerStub.go:53.2,53.12 1 0
github.com/multiversx/mx-chain-vm-common-go/mock/esdtStorageHandlerStub.go:57.174,58.52 1 0
github.com/multiversx/mx-chain-vm-common-go/mock/esdtStorageHandlerStub.go:58.52,60.3 1 0
github.com/multiversx/mx-chain-vm-common-go/mock/esdtStorageHandlerStub.go:61.2,61.24 1 0
github.com/multiversx/mx-chain-vm-common-go/mock/esdtStorageHandlerStub.go:65.241,66.75 1 0
github.com/multiversx/mx-chain-vm-common-go/mock/esdtStorageHandlerStub.go:66.75,68.3 1 0
github.com/multiversx/mx-chain-vm-common-go/mock/esdtStorageHandlerStub.go:69.2,69.24 1 0
github.com/multiversx/mx-chain-vm-common-go/mock/esdtStorageHandlerStub.go:73.151,74.70 1 0
github.com/multiversx/mx-chain-vm-common-go/mock/esdtStorageHandlerStub.go:74.70,76.3 1 0
github.com/multiversx/mx-chain-vm-common-go/mock/esdtStorageHandlerStub.go:77.2,77.19 1 0
github.com/multiversx/mx-chain-vm-common-go/mock/esdtStorageHandlerStub.go:81.90,82.39 1 0
github.com/multiversx/mx-chain-vm-common-go/mock/esdtStorageHandlerStub.go:82.39,84.3 1 0
github.com/multiversx/mx-chain-vm-common-go/mock/esdtStorageHandlerStub.go:85.2,85.12 1 0
github.com/multiversx/mx-chain-vm-common-go/mock/esdtStorageHandlerStub.go:89.181,90.47 1 0
github.com/multiversx/mx-chain-vm-common-go/mock/esdtStorageHandlerStub.go:90.47,92.3 1 0
github.com/multiversx/mx-chain-vm-common-go/mock/esdtStorageHandlerStub.go:93.2,93.12 1 0
github.com/multiversx/mx-chain-vm-common-go/mock/esdtStorageHandlerStub.go:97.62,99.2 1 0
github.com/multiversx/mx-chain-vm-common-go/mock/guardedAccountHandlerStub.go:13.111,14.41 1 0
github.com/multiversx/mx-chain-vm-common-go/mock/guardedAccountHandlerStub.go:14.41,16.3 1 0
github.com/multiversx/mx-chain-vm-common-go/mock/guardedAccountHandlerStub.go:17.2,17.17 1 0
github.com/multiversx/mx-chain-vm-common-go/mock/guardedAccountHandlerStub.go:21.168,22.35 1 0
github.com/multiversx/mx-chain-vm-common-go/mock/guardedAccountHandlerStub.go:22.35,24.3 1 0
github.com/multiversx/mx-chain-vm-common-go/mock/guardedAccountHandlerStub.go:25.2,25.12 1 0
github.com/multiversx/mx-chain-vm-common-go/mock/guardedAccountHandlerStub.go:29.94,30.44 1 0
github.com/multiversx/mx-chain-vm-common-go/mock/guardedAccountHandlerStub.go:30.44,32.3 1 0
github.com/multiversx/mx-chain-vm-common-go/mock/guardedAccountHandlerStub.go:36.62,38.2 1 0
github.com/multiversx/mx-chain-vm-common-go/mock/marshalizerMock.go:16.69,17.13 1 2
github.com/multiversx/mx-chain-vm-common-go/mock/marshalizerMock.go:17.13,19.3 1 0
github.com/multiversx/mx-chain-vm-common-go/mock/marshalizerMock.go:21.2,21.16 1 2
github.com/multiversx/mx-chain-vm-common-go/mock/marshalizerMock.go:21.16,23.3 1 0
github.com/multiversx/mx-chain-vm-common-go/mock/marshalizerMock.go:25.2,25.26 1 2
github.com/multiversx/mx-chain-vm-common-go/mock/marshalizerMock.go:29.74,30.13 1 3
github.com/multiversx/mx-chain-vm-common-go/mock/marshalizerMock.go:30.13,32.3 1 0
github.com/multiversx/mx-chain-vm-common-go/mock/marshalizerMock.go:34.2,34.16 1 3
github.com/multiversx/mx-chain-vm-common-go/mock/marshalizerMock.go:34.16,36.3 1 0
github.com/multiversx/mx-chain-vm-common-go/mock/marshalizerMock.go:38.2,38.17 1 3
github.com/multiversx/mx-chain-vm-common-go/mock/marshalizerMock.go:38.17,40.3 1 0
github.com/multiversx/mx-chain-vm-common-go/mock/marshalizerMock.go:42.2,42.20 1 3
github.com/multiversx/mx-chain-vm-common-go/mock/marshalizerMock.go:42.20,44.3 1 0
github.com/multiversx/mx-chain-vm-common-go/mock/marshalizerMock.go:46.2,46.34 1 3
github.com/multiversx/mx-chain-vm-common-go/mock/marshalizerMock.go:50.50,52.2 1 6
github.com/multiversx/mx-chain-vm-common-go/mock/multipleShardsCoordinatorMock.go:14.72,16.2 1 0
github.com/multiversx/mx-chain-vm-common-go/mock/multipleShardsCoordinatorMock.go:19.83,21.2 1 0
github.com/multiversx/mx-chain-vm-common-go/mock/multipleShardsCoordinatorMock.go:24.67,26.2 1 0
github.com/multiversx/mx-chain-vm-common-go/mock/multipleShardsCoordinatorMock.go:29.76,30.32 1 0
github.com/multiversx/mx-chain-vm-common-go/mock/multipleShardsCoordinatorMock.go:30.32,32.3 1 0
github.com/multiversx/mx-chain-vm-common-go/mock/multipleShardsCoordinatorMock.go:33.2,33.37 1 0
github.com/multiversx/mx-chain-vm-common-go/mock/multipleShardsCoordinatorMock.go:37.59,39.2 1 0
github.com/multiversx/mx-chain-vm-common-go/mock/multipleShardsCoordinatorMock.go:42.69,44.2 1 0
github.com/multiversx/mx-chain-vm-common-go/mock/multipleShardsCoordinatorMock.go:47.71,49.2 1 0
github.com/multiversx/mx-chain-vm-common-go/mock/multipleShardsCoordinatorMock.go:52.72,54.2 1 0
github.com/multiversx/mx-chain-vm-common-go/mock/multipleShardsCoordinatorMock.go:58.94,59.37 1 0
github.com/multiversx/mx-chain-vm-common-go/mock/multipleShardsCoordinatorMock.go:59.37,61.3 1 0
github.com/multiversx/mx-chain-vm-common-go/mock/multipleShardsCoordinatorMock.go:63.2,63.36 1 0
github.com/multiversx/mx-chain-vm-common-go/mock/multipleShardsCoordinatorMock.go:63.36,65.3 1 0
github.com/multiversx/mx-chain-vm-common-go/mock/multipleShardsCoordinatorMock.go:67.2,67.61 1 0
github.com/multiversx/mx-chain-vm-common-go/mock/multipleShardsCoordinatorMock.go:71.65,73.2 1 0
github.com/multiversx/mx-chain-vm-common-go/mock/pauseHandlerStub.go:14.65,15.29 1 0
github.com/multiversx/mx-chain-vm-common-go/mock/pauseHandlerStub.go:15.29,17.3 1 0
github.com/multiversx/mx-chain-vm-common-go/mock/pauseHandlerStub.go:18.2,18.14 1 0
github.com/multiversx/mx-chain-vm-common-go/mock/pauseHandlerStub.go:22.74,23.38 1 0
github.com/multiversx/mx-chain-vm-common-go/mock/pauseHandlerStub.go:23.38,25.3 1 0
github.com/multiversx/mx-chain-vm-common-go/mock/pauseHandlerStub.go:26.2,26.14 1 0
github.com/multiversx/mx-chain-vm-common-go/mock/pauseHandlerStub.go:30.69,31.33 1 0
github.com/multiversx/mx-chain-vm-common-go/mock/pauseHandlerStub.go:31.33,33.3 1 0
github.com/multiversx/mx-chain-vm-common-go/mock/pauseHandlerStub.go:34.2,34.14 1 0
github.com/multiversx/mx-chain-vm-common-go/mock/pauseHandlerStub.go:38.117,39.58 1 0
github.com/multiversx/mx-chain-vm-common-go/mock/pauseHandlerStub.go:39.58,41.3 1 0
github.com/multiversx/mx-chain-vm-common-go/mock/pauseHandlerStub.go:42.2,42.14 1 0
github.com/multiversx/mx-chain-vm-common-go/mock/pauseHandlerStub.go:46.87,47.33 1 0
github.com/multiversx/mx-chain-vm-common-go/mock/pauseHandlerStub.go:47.33,49.3 1 0
github.com/multiversx/mx-chain-vm-common-go/mock/pauseHandlerStub.go:50.2,50.15 1 0
github.com/multiversx/mx-chain-vm-common-go/mock/pauseHandlerStub.go:54.95,55.33 1 0
github.com/multiversx/mx-chain-vm-common-go/mock/pauseHandlerStub.go:55.33,57.3 1 0
github.com/multiversx/mx-chain-vm-common-go/mock/pauseHandlerStub.go:58.2,58.12 1 0
github.com/multiversx/mx-chain-vm-common-go/mock/pauseHandlerStub.go:62.59,64.2 1 0
github.com/multiversx/mx-chain-vm-common-go/mock/payableHandlerStub.go:13.73,14.30 1 0
github.com/multiversx/mx-chain-vm-common-go/mock/payableHandlerStub.go:14.30,16.3 1 0
github.com/multiversx/mx-chain-vm-common-go/mock/payableHandlerStub.go:17.2,17.18 1 0
github.com/multiversx/mx-chain-vm-common-go/mock/payableHandlerStub.go:21.118,22.33 1 0
github.com/multiversx/mx-chain-vm-common-go/mock/payableHandlerStub.go:22.33,24.3 1 0
github.com/multiversx/mx-chain-vm-common-go/mock/payableHandlerStub.go:25.2,25.12 1 0
github.com/multiversx/mx-chain-vm-common-go/mock/payableHandlerStub.go:29.127,30.43 1 0
github.com/multiversx/mx-chain-vm-common-go/mock/payableHandlerStub.go:30.43,32.3 1 0
github.com/multiversx/mx-chain-vm-common-go/mock/payableHandlerStub.go:33.2,33.14 1 0
github.com/multiversx/mx-chain-vm-common-go/mock/payableHandlerStub.go:37.52,39.2 1 0
github.com/multiversx/mx-chain-vm-common-go/mock/shardCoordinatorStub.go:13.66,14.45 1 0
github.com/multiversx/mx-chain-vm-common-go/mock/shardCoordinatorStub.go:14.45,16.3 1 0
github.com/multiversx/mx-chain-vm-common-go/mock/shardCoordinatorStub.go:17.2,17.10 1 0
github.com/multiversx/mx-chain-vm-common-go/mock/shardCoordinatorStub.go:21.75,22.40 1 0
github.com/multiversx/mx-chain-vm-common-go/mock/shardCoordinatorStub.go:22.40,24.3 1 0
github.com/multiversx/mx-chain-vm-common-go/mock/shardCoordinatorStub.go:25.2,25.10 1 0
github.com/multiversx/mx-chain-vm-common-go/mock/shardCoordinatorStub.go:29.58,30.37 1 0
github.com/multiversx/mx-chain-vm-common-go/mock/shardCoordinatorStub.go:30.37,32.3 1 0
github.com/multiversx/mx-chain-vm-common-go/mock/shardCoordinatorStub.go:33.2,33.10 1 0
github.com/multiversx/mx-chain-vm-common-go/mock/shardCoordinatorStub.go:37.93,39.2 1 0
github.com/multiversx/mx-chain-vm-common-go/mock/shardCoordinatorStub.go:42.93,44.2 1 0
github.com/multiversx/mx-chain-vm-common-go/mock/shardCoordinatorStub.go:47.64,49.2 1 0
github.com/multiversx/mx-chain-vm-common-go/mock/userAccountMock.go:37.46,51.2 1 0
github.com/multiversx/mx-chain-vm-common-go/mock/userAccountMock.go:54.51,56.12 2 0
github.com/multiversx/mx-chain-vm-common-go/mock/userAccountMock.go:56.12,58.3 1 0
github.com/multiversx/mx-chain-vm-common-go/mock/userAccountMock.go:59.2,59.14 1 0
github.com/multiversx/mx-chain-vm-common-go/mock/userAccountMock.go:65.88,69.2 3 0
github.com/multiversx/mx-chain-vm-common-go/mock/userAccountMock.go:72.41,74.2 1 0
github.com/multiversx/mx-chain-vm-common-go/mock/userAccountMock.go:77.37,79.2 1 0
github.com/multiversx/mx-chain-vm-common-go/mock/userAccountMock.go:82.36,84.2 1 0
github.com/multiversx/mx-chain-vm-common-go/mock/userAccountMock.go:87.44,89.2 1 0
github.com/multiversx/mx-chain-vm-common-go/mock/userAccountMock.go:92.40,94.2 1 0
github.com/multiversx/mx-chain-vm-common-go/mock/userAccountMock.go:97.40,99.2 1 0
github.com/multiversx/mx-chain-vm-common-go/mock/userAccountMock.go:102.41,104.2 1 0
github.com/multiversx/mx-chain-vm-common-go/mock/userAccountMock.go:107.45,109.2 1 0
github.com/multiversx/mx-chain-vm-common-go/mock/userAccountMock.go:112.49,114.2 1 0
github.com/multiversx/mx-chain-vm-common-go/mock/userAccountMock.go:117.44,119.2 1 0
github.com/multiversx/mx-chain-vm-common-go/mock/userAccountMock.go:122.40,124.2 1 0
github.com/multiversx/mx-chain-vm-common-go/mock/userAccountMock.go:127.41,129.2 1 0
github.com/multiversx/mx-chain-vm-common-go/mock/userAccountMock.go:132.40,135.2 2 0
github.com/multiversx/mx-chain-vm-common-go/mock/userAccountMock.go:138.56,140.2 1 0
github.com/multiversx/mx-chain-vm-common-go/mock/userAccountMock.go:143.44,145.2 1 0
github.com/multiversx/mx-chain-vm-common-go/mock/userAccountMock.go:148.44,150.2 1 0
github.com/multiversx/mx-chain-vm-common-go/mock/userAccountMock.go:153.68,155.2 1 0
github.com/multiversx/mx-chain-vm-common-go/mock/userAccountMock.go:158.54,160.30 2 0
github.com/multiversx/mx-chain-vm-common-go/mock/userAccountMock.go:160.30,162.3 1 0
github.com/multiversx/mx-chain-vm-common-go/mock/userAccountMock.go:164.2,165.12 2 0
github.com/multiversx/mx-chain-vm-common-go/mock/userAccountMock.go:169.56,171.30 2 0
github.com/multiversx/mx-chain-vm-common-go/mock/userAccountMock.go:171.30,173.3 1 0
github.com/multiversx/mx-chain-vm-common-go/mock/userAccountMock.go:175.2,176.12 2 0
github.com/multiversx/mx-chain-vm-common-go/mock/userAccountMock.go:180.74,181.42 1 0
github.com/multiversx/mx-chain-vm-common-go/mock/userAccountMock.go:181.42,183.3 1 0
github.com/multiversx/mx-chain-vm-common-go/mock/userAccountMock.go:185.2,188.22 3 0
github.com/multiversx/mx-chain-vm-common-go/mock/userAccountMock.go:192.56,194.2 1 0
github.com/multiversx/mx-chain-vm-common-go/mock/userAccountMock.go:197.78,198.42 1 0
github.com/multiversx/mx-chain-vm-common-go/mock/userAccountMock.go:198.42,200.3 1 0
github.com/multiversx/mx-chain-vm-common-go/mock/userAccountMock.go:201.2,201.39 1 0
github.com/multiversx/mx-chain-vm-common-go/mock/userAccountMock.go:201.39,203.3 1 0
github.com/multiversx/mx-chain-vm-common-go/mock/userAccountMock.go:205.2,207.12 2 0
github.com/multiversx/mx-chain-vm-common-go/mock/userAccountMock.go:211.51,213.2 1 0
github.com/multiversx/mx-chain-vm-common-go/mock/userAccountMock.go:216.48,219.2 2 0
github.com/multiversx/mx-chain-vm-common-go/mock/userAccountMock.go:222.47,224.2 1 0
github.com/multiversx/mx-chain-vm-common-go/mock/userAccountMock.go:227.69,229.2 1 0
github.com/multiversx/mx-chain-vm-common-go/mock/userAccountMock.go:232.64,235.2 2 0
github.com/multiversx/mx-chain-vm-common-go/mock/userAccountMock.go:238.88,240.2 1 0
github.com/multiversx/mx-chain-vm-common-go/mock/userAccountMock.go:243.38,244.2 0 0
github.com/multiversx/mx-chain-vm-common-go/mock/userAccountMock.go:247.49,249.2 1 0
github.com/multiversx/mx-chain-vm-common-go/mock/userAccountMock.go:252.36,266.2 1 0
github.com/multiversx/mx-chain-vm-common-go/mock/userAccountMock.go:268.52,270.36 2 0
github.com/multiversx/mx-chain-vm-common-go/mock/userAccountMock.go:270.36,272.3 1 0
github.com/multiversx/mx-chain-vm-common-go/mock/userAccountMock.go:274.2,274.14 1 0
github.com/multiversx/mx-chain-vm-common-go/mock/userAccountMock.go:277.34,281.2 3 0
github.com/multiversx/mx-chain-vm-common-go/mock/userAccountStub.go:19.45,21.2 1 0
github.com/multiversx/mx-chain-vm-common-go/mock/userAccountStub.go:24.50,25.2 0 0
github.com/multiversx/mx-chain-vm-common-go/mock/userAccountStub.go:28.48,30.2 1 0
github.com/multiversx/mx-chain-vm-common-go/mock/userAccountStub.go:33.62,34.33 1 0
github.com/multiversx/mx-chain-vm-common-go/mock/userAccountStub.go:34.33,36.3 1 0
github.com/multiversx/mx-chain-vm-common-go/mock/userAccountStub.go:37.2,37.12 1 0
github.com/multiversx/mx-chain-vm-common-go/mock/userAccountStub.go:41.60,43.2 1 0
github.com/multiversx/mx-chain-vm-common-go/mock/userAccountStub.go:46.49,48.2 1 0
github.com/multiversx/mx-chain-vm-common-go/mock/userAccountStub.go:51.75,53.2 1 0
github.com/multiversx/mx-chain-vm-common-go/mock/userAccountStub.go:56.61,58.2 0 0
github.com/multiversx/mx-chain-vm-common-go/mock/userAccountStub.go:61.57,63.2 1 0
github.com/multiversx/mx-chain-vm-common-go/mock/userAccountStub.go:66.68,68.2 1 0
github.com/multiversx/mx-chain-vm-common-go/mock/userAccountStub.go:71.52,73.2 0 0
github.com/multiversx/mx-chain-vm-common-go/mock/userAccountStub.go:76.52,78.2 1 0
github.com/multiversx/mx-chain-vm-common-go/mock/userAccountStub.go:81.49,83.2 1 0
github.com/multiversx/mx-chain-vm-common-go/mock/userAccountStub.go:86.52,87.2 0 0
github.com/multiversx/mx-chain-vm-common-go/mock/userAccountStub.go:90.45,92.2 1 0
github.com/multiversx/mx-chain-vm-common-go/mock/userAccountStub.go:95.46,97.2 0 0
github.com/multiversx/mx-chain-vm-common-go/mock/userAccountStub.go:100.64,101.36 1 0
github.com/multiversx/mx-chain-vm-common-go/mock/userAccountStub.go:101.36,103.3 1 0
github.com/multiversx/mx-chain-vm-common-go/mock/userAccountStub.go:107.52,108.36 1 0
github.com/multiversx/mx-chain-vm-common-go/mock/userAccountStub.go:108.36,110.3 1 0
github.com/multiversx/mx-chain-vm-common-go/mock/userAccountStub.go:111.2,111.12 1 0
github.com/multiversx/mx-chain-vm-common-go/mock/userAccountStub.go:115.50,117.2 0 0
github.com/multiversx/mx-chain-vm-common-go/mock/userAccountStub.go:120.48,122.2 1 0
github.com/multiversx/mx-chain-vm-common-go/mock/userAccountStub.go:125.50,127.2 0 0
github.com/multiversx/mx-chain-vm-common-go/mock/userAccountStub.go:130.48,132.2 1 0
github.com/multiversx/mx-chain-vm-common-go/mock/userAccountStub.go:135.76,136.39 1 0
github.com/multiversx/mx-chain-vm-common-go/mock/userAccountStub.go:136.39,138.3 1 0
github.com/multiversx/mx-chain-vm-common-go/mock/userAccountStub.go:139.2,139.12 1 0
github.com/multiversx/mx-chain-vm-common-go/mock/userAccountStub.go:143.49,145.2 1 0
github.com/multiversx/mx-chain-vm-common-go/mock/withBlockDataHandlerStub.go:12.99,13.40 1 0
github.com/multiversx/mx-chain-vm-common-go/mock/withBlockDataHandlerStub.go:13.40,15.3 1 0
github.com/multiversx/mx-chain-vm-common-go/mock/withBlockDataHandlerStub.go:16.2,16.12 1 0
github.com/multiversx/mx-chain-vm-common-go/mock/withBlockDataHandlerStub.go:20.60,21.33 1 0
github.com/multiversx/mx-chain-vm-common-go/mock/withBlockDataHandlerStub.go:21.33,23.3 1 0
github.com/multiversx/mx-chain-vm-common-go/mock/withBlockDataHandlerStub.go:24.2,24.10 1 0
github.com/multiversx/mx-chain-vm-common-go/mock/withBlockDataHandlerStub.go:28.60,30.2 1 0
github.com/multiversx/mx-chain-vm-common-go/parsers/callArgsParser.go:9.42,11.2 1 4
github.com/multiversx/mx-chain-vm-common-go/parsers/callArgsParser.go:15.80,20.16 4 5
github.com/multiversx/mx-chain-vm-common-go/parsers/callArgsParser.go:20.16,22.3 1 2
github.com/multiversx/mx-chain-vm-common-go/parsers/callArgsParser.go:24.2,25.16 2 3
github.com/multiversx/mx-chain-vm-common-go/parsers/callArgsParser.go:25.16,27.3 1 0
github.com/multiversx/mx-chain-vm-common-go/parsers/callArgsParser.go:29.2,30.16 2 3
github.com/multiversx/mx-chain-vm-common-go/parsers/callArgsParser.go:30.16,32.3 1 1
github.com/multiversx/mx-chain-vm-common-go/parsers/callArgsParser.go:34.2,34.33 1 2
github.com/multiversx/mx-chain-vm-common-go/parsers/callArgsParser.go:39.77,44.16 5 4
github.com/multiversx/mx-chain-vm-common-go/parsers/callArgsParser.go:44.16,46.3 1 1
github.com/multiversx/mx-chain-vm-common-go/parsers/callArgsParser.go:47.2,49.23 2 3
github.com/multiversx/mx-chain-vm-common-go/parsers/callArgsParser.go:52.78,53.39 1 3
github.com/multiversx/mx-chain-vm-common-go/parsers/callArgsParser.go:53.39,55.3 1 0
github.com/multiversx/mx-chain-vm-common-go/parsers/callArgsParser.go:57.2,58.22 2 3
github.com/multiversx/mx-chain-vm-common-go/parsers/callArgsParser.go:61.81,64.53 2 7
github.com/multiversx/mx-chain-vm-common-go/parsers/callArgsParser.go:64.53,66.17 2 8
github.com/multiversx/mx-chain-vm-common-go/parsers/callArgsParser.go:66.17,68.4 1 2
github.com/multiversx/mx-chain-vm-common-go/parsers/callArgsParser.go:70.3,70.42 1 6
github.com/multiversx/mx-chain-vm-common-go/parsers/callArgsParser.go:73.2,73.23 1 5
github.com/multiversx/mx-chain-vm-common-go/parsers/callArgsParser.go:77.53,79.2 1 0
github.com/multiversx/mx-chain-vm-common-go/parsers/deployArgsParser.go:19.46,21.2 1 2
github.com/multiversx/mx-chain-vm-common-go/parsers/deployArgsParser.go:25.77,29.16 3 10
github.com/multiversx/mx-chain-vm-common-go/parsers/deployArgsParser.go:29.16,31.3 1 2
github.com/multiversx/mx-chain-vm-common-go/parsers/deployArgsParser.go:33.2,33.41 1 8
github.com/multiversx/mx-chain-vm-common-go/parsers/deployArgsParser.go:33.41,35.3 1 1
github.com/multiversx/mx-chain-vm-common-go/parsers/deployArgsParser.go:37.2,38.16 2 7
github.com/multiversx/mx-chain-vm-common-go/parsers/deployArgsParser.go:38.16,40.3 1 1
github.com/multiversx/mx-chain-vm-common-go/parsers/deployArgsParser.go:42.2,43.16 2 6
github.com/multiversx/mx-chain-vm-common-go/parsers/deployArgsParser.go:43.16,45.3 1 2
github.com/multiversx/mx-chain-vm-common-go/parsers/deployArgsParser.go:47.2,48.16 2 4
github.com/multiversx/mx-chain-vm-common-go/parsers/deployArgsParser.go:48.16,50.3 1 1
github.com/multiversx/mx-chain-vm-common-go/parsers/deployArgsParser.go:52.2,53.16 2 3
github.com/multiversx/mx-chain-vm-common-go/parsers/deployArgsParser.go:53.16,55.3 1 1
github.com/multiversx/mx-chain-vm-common-go/parsers/deployArgsParser.go:57.2,57.20 1 2
github.com/multiversx/mx-chain-vm-common-go/parsers/deployArgsParser.go:60.76,63.16 3 7
github.com/multiversx/mx-chain-vm-common-go/parsers/deployArgsParser.go:63.16,65.3 1 1
github.com/multiversx/mx-chain-vm-common-go/parsers/deployArgsParser.go:67.2,67.18 1 6
github.com/multiversx/mx-chain-vm-common-go/parsers/deployArgsParser.go:70.78,72.25 2 6
github.com/multiversx/mx-chain-vm-common-go/parsers/deployArgsParser.go:72.25,74.3 1 1
github.com/multiversx/mx-chain-vm-common-go/parsers/deployArgsParser.go:76.2,77.16 2 5
github.com/multiversx/mx-chain-vm-common-go/parsers/deployArgsParser.go:77.16,79.3 1 1
github.com/multiversx/mx-chain-vm-common-go/parsers/deployArgsParser.go:81.2,81.20 1 4
github.com/multiversx/mx-chain-vm-common-go/parsers/deployArgsParser.go:84.99,87.16 3 4
github.com/multiversx/mx-chain-vm-common-go/parsers/deployArgsParser.go:87.16,89.3 1 1
github.com/multiversx/mx-chain-vm-common-go/parsers/deployArgsParser.go:91.2,92.26 2 3
github.com/multiversx/mx-chain-vm-common-go/parsers/deployArgsParser.go:95.83,98.66 2 3
github.com/multiversx/mx-chain-vm-common-go/parsers/deployArgsParser.go:98.66,100.17 2 3
github.com/multiversx/mx-chain-vm-common-go/parsers/deployArgsParser.go:100.17,102.4 1 1
github.com/multiversx/mx-chain-vm-common-go/parsers/deployArgsParser.go:104.3,104.42 1 2
github.com/multiversx/mx-chain-vm-common-go/parsers/deployArgsParser.go:107.2,107.23 1 2
github.com/multiversx/mx-chain-vm-common-go/parsers/deployArgsParser.go:111.55,113.2 1 0
github.com/multiversx/mx-chain-vm-common-go/parsers/esdtTransferParser.go:35.32,36.29 1 7
github.com/multiversx/mx-chain-vm-common-go/parsers/esdtTransferParser.go:36.29,38.3 1 1
github.com/multiversx/mx-chain-vm-common-go/parsers/esdtTransferParser.go:40.2,40.57 1 6
github.com/multiversx/mx-chain-vm-common-go/parsers/esdtTransferParser.go:49.42,50.18 1 20
github.com/multiversx/mx-chain-vm-common-go/parsers/esdtTransferParser.go:51.40,52.50 1 3
github.com/multiversx/mx-chain-vm-common-go/parsers/esdtTransferParser.go:53.43,54.62 1 4
github.com/multiversx/mx-chain-vm-common-go/parsers/esdtTransferParser.go:55.48,56.52 1 12
github.com/multiversx/mx-chain-vm-common-go/parsers/esdtTransferParser.go:57.10,58.38 1 1
github.com/multiversx/mx-chain-vm-common-go/parsers/esdtTransferParser.go:62.124,63.40 1 3
github.com/multiversx/mx-chain-vm-common-go/parsers/esdtTransferParser.go:63.40,65.3 1 1
github.com/multiversx/mx-chain-vm-common-go/parsers/esdtTransferParser.go:66.2,72.40 2 2
github.com/multiversx/mx-chain-vm-common-go/parsers/esdtTransferParser.go:72.40,74.3 1 1
github.com/multiversx/mx-chain-vm-common-go/parsers/esdtTransferParser.go:75.2,75.42 1 2
github.com/multiversx/mx-chain-vm-common-go/parsers/esdtTransferParser.go:75.42,77.3 1 1
github.com/multiversx/mx-chain-vm-common-go/parsers/esdtTransferParser.go:78.2,85.27 2 2
github.com/multiversx/mx-chain-vm-common-go/parsers/esdtTransferParser.go:88.136,89.43 1 4
github.com/multiversx/mx-chain-vm-common-go/parsers/esdtTransferParser.go:89.43,91.3 1 1
github.com/multiversx/mx-chain-vm-common-go/parsers/esdtTransferParser.go:92.2,99.35 2 3
github.com/multiversx/mx-chain-vm-common-go/parsers/esdtTransferParser.go:99.35,101.3 1 3
github.com/multiversx/mx-chain-vm-common-go/parsers/esdtTransferParser.go:102.2,102.43 1 3
github.com/multiversx/mx-chain-vm-common-go/parsers/esdtTransferParser.go:102.43,104.3 1 2
github.com/multiversx/mx-chain-vm-common-go/parsers/esdtTransferParser.go:105.2,105.45 1 3
github.com/multiversx/mx-chain-vm-common-go/parsers/esdtTransferParser.go:105.45,107.3 1 2
github.com/multiversx/mx-chain-vm-common-go/parsers/esdtTransferParser.go:108.2,115.27 2 3
github.com/multiversx/mx-chain-vm-common-go/parsers/esdtTransferParser.go:118.126,119.48 1 12
github.com/multiversx/mx-chain-vm-common-go/parsers/esdtTransferParser.go:119.48,121.3 1 1
github.com/multiversx/mx-chain-vm-common-go/parsers/esdtTransferParser.go:122.2,133.30 6 11
github.com/multiversx/mx-chain-vm-common-go/parsers/esdtTransferParser.go:133.30,138.3 4 7
github.com/multiversx/mx-chain-vm-common-go/parsers/esdtTransferParser.go:140.2,141.36 2 11
github.com/multiversx/mx-chain-vm-common-go/parsers/esdtTransferParser.go:141.36,143.3 1 2
github.com/multiversx/mx-chain-vm-common-go/parsers/esdtTransferParser.go:144.2,144.65 1 9
github.com/multiversx/mx-chain-vm-common-go/parsers/esdtTransferParser.go:144.65,146.3 1 2
github.com/multiversx/mx-chain-vm-common-go/parsers/esdtTransferParser.go:148.2,148.36 1 7
github.com/multiversx/mx-chain-vm-common-go/parsers/esdtTransferParser.go:148.36,150.3 1 4
github.com/multiversx/mx-chain-vm-common-go/parsers/esdtTransferParser.go:151.2,151.38 1 7
github.com/multiversx/mx-chain-vm-common-go/parsers/esdtTransferParser.go:151.38,153.3 1 4
github.com/multiversx/mx-chain-vm-common-go/parsers/esdtTransferParser.go:155.2,157.54 3 7
github.com/multiversx/mx-chain-vm-common-go/parsers/esdtTransferParser.go:157.54,160.17 3 11
github.com/multiversx/mx-chain-vm-common-go/parsers/esdtTransferParser.go:160.17,162.4 1 0
github.com/multiversx/mx-chain-vm-common-go/parsers/esdtTransferParser.go:165.2,165.27 1 7
github.com/multiversx/mx-chain-vm-common-go/parsers/esdtTransferParser.go:172.35,179.37 2 11
github.com/multiversx/mx-chain-vm-common-go/parsers/esdtTransferParser.go:179.37,182.94 2 7
github.com/multiversx/mx-chain-vm-common-go/parsers/esdtTransferParser.go:182.94,185.18 3 3
github.com/multiversx/mx-chain-vm-common-go/parsers/esdtTransferParser.go:185.18,187.5 1 0
github.com/multiversx/mx-chain-vm-common-go/parsers/esdtTransferParser.go:188.4,188.54 1 3
github.com/multiversx/mx-chain-vm-common-go/parsers/esdtTransferParser.go:192.2,192.26 1 11
github.com/multiversx/mx-chain-vm-common-go/parsers/esdtTransferParser.go:196.52,198.2 1 1
github.com/multiversx/mx-chain-vm-common-go/parsers/storageUpdatesParser.go:13.54,15.2 1 4
github.com/multiversx/mx-chain-vm-common-go/parsers/storageUpdatesParser.go:18.103,22.16 3 3
github.com/multiversx/mx-chain-vm-common-go/parsers/storageUpdatesParser.go:22.16,24.3 1 1
github.com/multiversx/mx-chain-vm-common-go/parsers/storageUpdatesParser.go:25.2,26.16 2 2
github.com/multiversx/mx-chain-vm-common-go/parsers/storageUpdatesParser.go:26.16,28.3 1 1
github.com/multiversx/mx-chain-vm-common-go/parsers/storageUpdatesParser.go:30.2,31.38 2 1
github.com/multiversx/mx-chain-vm-common-go/parsers/storageUpdatesParser.go:31.38,33.17 2 3
github.com/multiversx/mx-chain-vm-common-go/parsers/storageUpdatesParser.go:33.17,35.4 1 0
github.com/multiversx/mx-chain-vm-common-go/parsers/storageUpdatesParser.go:37.3,38.17 2 3
github.com/multiversx/mx-chain-vm-common-go/parsers/storageUpdatesParser.go:38.17,40.4 1 0
github.com/multiversx/mx-chain-vm-common-go/parsers/storageUpdatesParser.go:42.3,43.57 2 3
github.com/multiversx/mx-chain-vm-common-go/parsers/storageUpdatesParser.go:46.2,46.28 1 1
github.com/multiversx/mx-chain-vm-common-go/parsers/storageUpdatesParser.go:50.114,52.43 2 2
[...]
github.com/multiversx/mx-chain-vm-common-go/mock/dataTrieTrackerStub.go:17.52,18.39 1 0
github.com/multiversx/mx-chain-vm-common-go/mock/dataTrieTrackerStub.go:18.39,20.3 1 0
github.com/multiversx/mx-chain-vm-common-go/mock/dataTrieTrackerStub.go:24.64,25.33 1 0
github.com/multiversx/mx-chain-vm-common-go/mock/dataTrieTrackerStub.go:25.33,27.3 1 0
github.com/multiversx/mx-chain-vm-common-go/mock/dataTrieTrackerStub.go:28.2,28.12 1 0
github.com/multiversx/mx-chain-vm-common-go/mock/dataTrieTrackerStub.go:32.84,33.37 1 21
github.com/multiversx/mx-chain-vm-common-go/mock/dataTrieTrackerStub.go:33.37,35.3 1 21
github.com/multiversx/mx-chain-vm-common-go/mock/dataTrieTrackerStub.go:36.2,36.20 1 0
github.com/multiversx/mx-chain-vm-common-go/mock/dataTrieTrackerStub.go:40.79,41.36 1 11
github.com/multiversx/mx-chain-vm-common-go/mock/dataTrieTrackerStub.go:41.36,43.3 1 11
github.com/multiversx/mx-chain-vm-common-go/mock/dataTrieTrackerStub.go:44.2,44.12 1 0
github.com/multiversx/mx-chain-vm-common-go/mock/dataTrieTrackerStub.go:48.103,50.2 1 3
github.com/multiversx/mx-chain-vm-common-go/mock/dataTrieTrackerStub.go:53.56,55.2 1 0
github.com/multiversx/mx-chain-vm-common-go/mock/enableEpochsHandlerStub.go:14.84,15.37 1 201
github.com/multiversx/mx-chain-vm-common-go/mock/enableEpochsHandlerStub.go:15.37,17.3 1 1
github.com/multiversx/mx-chain-vm-common-go/mock/enableEpochsHandlerStub.go:18.2,18.13 1 200
github.com/multiversx/mx-chain-vm-common-go/mock/enableEpochsHandlerStub.go:22.84,23.37 1 1474
github.com/multiversx/mx-chain-vm-common-go/mock/enableEpochsHandlerStub.go:23.37,25.3 1 1424
github.com/multiversx/mx-chain-vm-common-go/mock/enableEpochsHandlerStub.go:26.2,26.14 1 50
github.com/multiversx/mx-chain-vm-common-go/mock/enableEpochsHandlerStub.go:30.105,31.44 1 0
github.com/multiversx/mx-chain-vm-common-go/mock/enableEpochsHandlerStub.go:31.44,33.3 1 0
github.com/multiversx/mx-chain-vm-common-go/mock/enableEpochsHandlerStub.go:34.2,34.14 1 0
github.com/multiversx/mx-chain-vm-common-go/mock/enableEpochsHandlerStub.go:38.91,39.42 1 0
github.com/multiversx/mx-chain-vm-common-go/mock/enableEpochsHandlerStub.go:39.42,41.3 1 0
github.com/multiversx/mx-chain-vm-common-go/mock/enableEpochsHandlerStub.go:42.2,42.10 1 0
github.com/multiversx/mx-chain-vm-common-go/mock/enableEpochsHandlerStub.go:46.60,48.2 1 884
github.com/multiversx/mx-chain-vm-common-go/mock/esdtRoleHandlerStub.go:11.127,12.42 1 68
github.com/multiversx/mx-chain-vm-common-go/mock/esdtRoleHandlerStub.go:12.42,14.3 1 40
github.com/multiversx/mx-chain-vm-common-go/mock/esdtRoleHandlerStub.go:16.2,16.12 1 28
github.com/multiversx/mx-chain-vm-common-go/mock/esdtRoleHandlerStub.go:20.53,22.2 1 272
github.com/multiversx/mx-chain-vm-common-go/mock/esdtStorageHandlerStub.go:25.226,26.40 1 8
github.com/multiversx/mx-chain-vm-common-go/mock/esdtStorageHandlerStub.go:26.40,28.3 1 8
github.com/multiversx/mx-chain-vm-common-go/mock/esdtStorageHandlerStub.go:29.2,29.17 1 0
github.com/multiversx/mx-chain-vm-common-go/mock/esdtStorageHandlerStub.go:33.163,34.47 1 2
github.com/multiversx/mx-chain-vm-common-go/mock/esdtStorageHandlerStub.go:34.47,36.3 1 2
github.com/multiversx/mx-chain-vm-common-go/mock/esdtStorageHandlerStub.go:37.2,37.17 1 0
github.com/multiversx/mx-chain-vm-common-go/mock/esdtStorageHandlerStub.go:41.125,42.52 1 2
github.com/multiversx/mx-chain-vm-common-go/mock/esdtStorageHandlerStub.go:42.52,44.3 1 2
github.com/multiversx/mx-chain-vm-common-go/mock/esdtStorageHandlerStub.go:45.2,45.17 1 0
github.com/multiversx/mx-chain-vm-common-go/mock/esdtStorageHandlerStub.go:49.136,50.51 1 0
github.com/multiversx/mx-chain-vm-common-go/mock/esdtStorageHandlerStub.go:50.51,52.3 1 0
github.com/multiversx/mx-chain-vm-common-go/mock/esdtStorageHandlerStub.go:53.2,53.12 1 0
github.com/multiversx/mx-chain-vm-common-go/mock/esdtStorageHandlerStub.go:57.174,58.52 1 8
github.com/multiversx/mx-chain-vm-common-go/mock/esdtStorageHandlerStub.go:58.52,60.3 1 8
github.com/multiversx/mx-chain-vm-common-go/mock/esdtStorageHandlerStub.go:61.2,61.24 1 0
github.com/multiversx/mx-chain-vm-common-go/mock/esdtStorageHandlerStub.go:65.241,66.75 1 0
github.com/multiversx/mx-chain-vm-common-go/mock/esdtStorageHandlerStub.go:66.75,68.3 1 0
github.com/multiversx/mx-chain-vm-common-go/mock/esdtStorageHandlerStub.go:69.2,69.24 1 0
github.com/multiversx/mx-chain-vm-common-go/mock/esdtStorageHandlerStub.go:73.151,74.70 1 0
github.com/multiversx/mx-chain-vm-common-go/mock/esdtStorageHandlerStub.go:74.70,76.3 1 0
github.com/multiversx/mx-chain-vm-common-go/mock/esdtStorageHandlerStub.go:77.2,77.19 1 0
github.com/multiversx/mx-chain-vm-common-go/mock/esdtStorageHandlerStub.go:81.90,82.39 1 0
github.com/multiversx/mx-chain-vm-common-go/mock/esdtStorageHandlerStub.go:82.39,84.3 1 0
github.com/multiversx/mx-chain-vm-common-go/mock/esdtStorageHandlerStub.go:85.2,85.12 1 0
github.com/multiversx/mx-chain-vm-common-go/mock/esdtStorageHandlerStub.go:89.181,90.47 1 3
github.com/multiversx/mx-chain-vm-common-go/mock/esdtStorageHandlerStub.go:90.47,92.3 1 2
github.com/multiversx/mx-chain-vm-common-go/mock/esdtStorageHandlerStub.go:93.2,93.12 1 1
github.com/multiversx/mx-chain-vm-common-go/mock/esdtStorageHandlerStub.go:97.62,99.2 1 74
github.com/multiversx/mx-chain-vm-common-go/mock/guardedAccountHandlerStub.go:13.111,14.41 1 6
github.com/multiversx/mx-chain-vm-common-go/mock/guardedAccountHandlerStub.go:14.41,16.3 1 4
github.com/multiversx/mx-chain-vm-common-go/mock/guardedAccountHandlerStub.go:17.2,17.17 1 2
github.com/multiversx/mx-chain-vm-common-go/mock/guardedAccountHandlerStub.go:21.168,22.35 1 3
github.com/multiversx/mx-chain-vm-common-go/mock/guardedAccountHandlerStub.go:22.35,24.3 1 2
github.com/multiversx/mx-chain-vm-common-go/mock/guardedAccountHandlerStub.go:25.2,25.12 1 1
github.com/multiversx/mx-chain-vm-common-go/mock/guardedAccountHandlerStub.go:29.94,30.44 1 1
github.com/multiversx/mx-chain-vm-common-go/mock/guardedAccountHandlerStub.go:30.44,32.3 1 1
github.com/multiversx/mx-chain-vm-common-go/mock/guardedAccountHandlerStub.go:36.62,38.2 1 30
github.com/multiversx/mx-chain-vm-common-go/mock/marshalizerMock.go:16.69,17.13 1 415
github.com/multiversx/mx-chain-vm-common-go/mock/marshalizerMock.go:17.13,19.3 1 2
github.com/multiversx/mx-chain-vm-common-go/mock/marshalizerMock.go:21.2,21.16 1 413
github.com/multiversx/mx-chain-vm-common-go/mock/marshalizerMock.go:21.16,23.3 1 0
github.com/multiversx/mx-chain-vm-common-go/mock/marshalizerMock.go:25.2,25.26 1 413
github.com/multiversx/mx-chain-vm-common-go/mock/marshalizerMock.go:29.74,30.13 1 334
github.com/multiversx/mx-chain-vm-common-go/mock/marshalizerMock.go:30.13,32.3 1 1
github.com/multiversx/mx-chain-vm-common-go/mock/marshalizerMock.go:34.2,34.16 1 333
github.com/multiversx/mx-chain-vm-common-go/mock/marshalizerMock.go:34.16,36.3 1 0
github.com/multiversx/mx-chain-vm-common-go/mock/marshalizerMock.go:38.2,38.17 1 333
github.com/multiversx/mx-chain-vm-common-go/mock/marshalizerMock.go:38.17,40.3 1 0
github.com/multiversx/mx-chain-vm-common-go/mock/marshalizerMock.go:42.2,42.20 1 333
github.com/multiversx/mx-chain-vm-common-go/mock/marshalizerMock.go:42.20,44.3 1 0
github.com/multiversx/mx-chain-vm-common-go/mock/marshalizerMock.go:46.2,46.34 1 333
github.com/multiversx/mx-chain-vm-common-go/mock/marshalizerMock.go:50.50,52.2 1 600
github.com/multiversx/mx-chain-vm-common-go/mock/multipleShardsCoordinatorMock.go:14.72,16.2 1 0
github.com/multiversx/mx-chain-vm-common-go/mock/multipleShardsCoordinatorMock.go:19.83,21.2 1 85
github.com/multiversx/mx-chain-vm-common-go/mock/multipleShardsCoordinatorMock.go:24.67,26.2 1 0
github.com/multiversx/mx-chain-vm-common-go/mock/multipleShardsCoordinatorMock.go:29.76,30.32 1 114
github.com/multiversx/mx-chain-vm-common-go/mock/multipleShardsCoordinatorMock.go:30.32,32.3 1 1
github.com/multiversx/mx-chain-vm-common-go/mock/multipleShardsCoordinatorMock.go:33.2,33.37 1 113
github.com/multiversx/mx-chain-vm-common-go/mock/multipleShardsCoordinatorMock.go:37.59,39.2 1 69
github.com/multiversx/mx-chain-vm-common-go/mock/multipleShardsCoordinatorMock.go:42.69,44.2 1 0
github.com/multiversx/mx-chain-vm-common-go/mock/multipleShardsCoordinatorMock.go:47.71,49.2 1 20
github.com/multiversx/mx-chain-vm-common-go/mock/multipleShardsCoordinatorMock.go:52.72,54.2 1 0
github.com/multiversx/mx-chain-vm-common-go/mock/multipleShardsCoordinatorMock.go:58.94,59.37 1 0
github.com/multiversx/mx-chain-vm-common-go/mock/multipleShardsCoordinatorMock.go:59.37,61.3 1 0
github.com/multiversx/mx-chain-vm-common-go/mock/multipleShardsCoordinatorMock.go:63.2,63.36 1 0
github.com/multiversx/mx-chain-vm-common-go/mock/multipleShardsCoordinatorMock.go:63.36,65.3 1 0
github.com/multiversx/mx-chain-vm-common-go/mock/multipleShardsCoordinatorMock.go:67.2,67.61 1 0
github.com/multiversx/mx-chain-vm-common-go/mock/multipleShardsCoordinatorMock.go:71.65,73.2 1 87
github.com/multiversx/mx-chain-vm-common-go/mock/pauseHandlerStub.go:14.65,15.29 1 219
github.com/multiversx/mx-chain-vm-common-go/mock/pauseHandlerStub.go:15.29,17.3 1 12
github.com/multiversx/mx-chain-vm-common-go/mock/pauseHandlerStub.go:18.2,18.14 1 207
github.com/multiversx/mx-chain-vm-common-go/mock/pauseHandlerStub.go:22.74,23.38 1 74
github.com/multiversx/mx-chain-vm-common-go/mock/pauseHandlerStub.go:23.38,25.3 1 3
github.com/multiversx/mx-chain-vm-common-go/mock/pauseHandlerStub.go:26.2,26.14 1 71
github.com/multiversx/mx-chain-vm-common-go/mock/pauseHandlerStub.go:30.69,31.33 1 13
github.com/multiversx/mx-chain-vm-common-go/mock/pauseHandlerStub.go:31.33,33.3 1 2
github.com/multiversx/mx-chain-vm-common-go/mock/pauseHandlerStub.go:34.2,34.14 1 11
github.com/multiversx/mx-chain-vm-common-go/mock/pauseHandlerStub.go:38.117,39.58 1 3
github.com/multiversx/mx-chain-vm-common-go/mock/pauseHandlerStub.go:39.58,41.3 1 1
github.com/multiversx/mx-chain-vm-common-go/mock/pauseHandlerStub.go:42.2,42.14 1 2
github.com/multiversx/mx-chain-vm-common-go/mock/pauseHandlerStub.go:46.87,47.33 1 23
github.com/multiversx/mx-chain-vm-common-go/mock/pauseHandlerStub.go:47.33,49.3 1 23
github.com/multiversx/mx-chain-vm-common-go/mock/pauseHandlerStub.go:50.2,50.15 1 0
github.com/multiversx/mx-chain-vm-common-go/mock/pauseHandlerStub.go:54.95,55.33 1 1
github.com/multiversx/mx-chain-vm-common-go/mock/pauseHandlerStub.go:55.33,57.3 1 1
github.com/multiversx/mx-chain-vm-common-go/mock/pauseHandlerStub.go:58.2,58.12 1 0
github.com/multiversx/mx-chain-vm-common-go/mock/pauseHandlerStub.go:62.59,64.2 1 508
github.com/multiversx/mx-chain-vm-common-go/mock/payableHandlerStub.go:13.73,14.30 1 11
github.com/multiversx/mx-chain-vm-common-go/mock/payableHandlerStub.go:14.30,16.3 1 11
github.com/multiversx/mx-chain-vm-common-go/mock/payableHandlerStub.go:17.2,17.18 1 0
github.com/multiversx/mx-chain-vm-common-go/mock/payableHandlerStub.go:21.118,22.33 1 42
github.com/multiversx/mx-chain-vm-common-go/mock/payableHandlerStub.go:22.33,24.3 1 0
github.com/multiversx/mx-chain-vm-common-go/mock/payableHandlerStub.go:25.2,25.12 1 42
github.com/multiversx/mx-chain-vm-common-go/mock/payableHandlerStub.go:29.127,30.43 1 50
github.com/multiversx/mx-chain-vm-common-go/mock/payableHandlerStub.go:30.43,32.3 1 0
github.com/multiversx/mx-chain-vm-common-go/mock/payableHandlerStub.go:33.2,33.14 1 50
github.com/multiversx/mx-chain-vm-common-go/mock/payableHandlerStub.go:37.52,39.2 1 114
github.com/multiversx/mx-chain-vm-common-go/mock/shardCoordinatorStub.go:13.66,14.45 1 13
github.com/multiversx/mx-chain-vm-common-go/mock/shardCoordinatorStub.go:14.45,16.3 1 4
github.com/multiversx/mx-chain-vm-common-go/mock/shardCoordinatorStub.go:17.2,17.10 1 9
github.com/multiversx/mx-chain-vm-common-go/mock/shardCoordinatorStub.go:21.75,22.40 1 180
github.com/multiversx/mx-chain-vm-common-go/mock/shardCoordinatorStub.go:22.40,24.3 1 27
github.com/multiversx/mx-chain-vm-common-go/mock/shardCoordinatorStub.go:25.2,25.10 1 153
github.com/multiversx/mx-chain-vm-common-go/mock/shardCoordinatorStub.go:29.58,30.37 1 24
github.com/multiversx/mx-chain-vm-common-go/mock/shardCoordinatorStub.go:30.37,32.3 1 9
github.com/multiversx/mx-chain-vm-common-go/mock/shardCoordinatorStub.go:33.2,33.10 1 15
github.com/multiversx/mx-chain-vm-common-go/mock/shardCoordinatorStub.go:37.93,39.2 1 1
github.com/multiversx/mx-chain-vm-common-go/mock/shardCoordinatorStub.go:42.93,44.2 1 0
github.com/multiversx/mx-chain-vm-common-go/mock/shardCoordinatorStub.go:47.64,49.2 1 260
github.com/multiversx/mx-chain-vm-common-go/mock/userAccountMock.go:37.46,51.2 1 1474
github.com/multiversx/mx-chain-vm-common-go/mock/userAccountMock.go:54.51,56.12 2 0
github.com/multiversx/mx-chain-vm-common-go/mock/userAccountMock.go:56.12,58.3 1 0
github.com/multiversx/mx-chain-vm-common-go/mock/userAccountMock.go:59.2,59.14 1 0
github.com/multiversx/mx-chain-vm-common-go/mock/userAccountMock.go:65.88,69.2 3 0
github.com/multiversx/mx-chain-vm-common-go/mock/userAccountMock.go:72.41,74.2 1 1474
github.com/multiversx/mx-chain-vm-common-go/mock/userAccountMock.go:77.37,79.2 1 0
github.com/multiversx/mx-chain-vm-common-go/mock/userAccountMock.go:82.36,84.2 1 0
github.com/multiversx/mx-chain-vm-common-go/mock/userAccountMock.go:87.44,89.2 1 9
github.com/multiversx/mx-chain-vm-common-go/mock/userAccountMock.go:92.40,94.2 1 0
github.com/multiversx/mx-chain-vm-common-go/mock/userAccountMock.go:97.40,99.2 1 0
github.com/multiversx/mx-chain-vm-common-go/mock/userAccountMock.go:102.41,104.2 1 4
github.com/multiversx/mx-chain-vm-common-go/mock/userAccountMock.go:107.45,109.2 1 0
github.com/multiversx/mx-chain-vm-common-go/mock/userAccountMock.go:112.49,114.2 1 0
github.com/multiversx/mx-chain-vm-common-go/mock/userAccountMock.go:117.44,119.2 1 5
github.com/multiversx/mx-chain-vm-common-go/mock/userAccountMock.go:122.40,124.2 1 9
github.com/multiversx/mx-chain-vm-common-go/mock/userAccountMock.go:127.41,129.2 1 998
github.com/multiversx/mx-chain-vm-common-go/mock/userAccountMock.go:132.40,135.2 2 0
github.com/multiversx/mx-chain-vm-common-go/mock/userAccountMock.go:138.56,140.2 1 4
github.com/multiversx/mx-chain-vm-common-go/mock/userAccountMock.go:143.44,145.2 1 0
github.com/multiversx/mx-chain-vm-common-go/mock/userAccountMock.go:148.44,150.2 1 0
github.com/multiversx/mx-chain-vm-common-go/mock/userAccountMock.go:153.68,155.2 1 1678
github.com/multiversx/mx-chain-vm-common-go/mock/userAccountMock.go:158.54,160.30 2 6
github.com/multiversx/mx-chain-vm-common-go/mock/userAccountMock.go:160.30,162.3 1 0
github.com/multiversx/mx-chain-vm-common-go/mock/userAccountMock.go:164.2,165.12 2 6
github.com/multiversx/mx-chain-vm-common-go/mock/userAccountMock.go:169.56,171.30 2 2
github.com/multiversx/mx-chain-vm-common-go/mock/userAccountMock.go:171.30,173.3 1 0
github.com/multiversx/mx-chain-vm-common-go/mock/userAccountMock.go:175.2,176.12 2 2
github.com/multiversx/mx-chain-vm-common-go/mock/userAccountMock.go:180.74,181.42 1 2
github.com/multiversx/mx-chain-vm-common-go/mock/userAccountMock.go:181.42,183.3 1 0
github.com/multiversx/mx-chain-vm-common-go/mock/userAccountMock.go:185.2,188.22 3 2
github.com/multiversx/mx-chain-vm-common-go/mock/userAccountMock.go:192.56,194.2 1 2
github.com/multiversx/mx-chain-vm-common-go/mock/userAccountMock.go:197.78,198.42 1 2
github.com/multiversx/mx-chain-vm-common-go/mock/userAccountMock.go:198.42,200.3 1 0
github.com/multiversx/mx-chain-vm-common-go/mock/userAccountMock.go:201.2,201.39 1 2
github.com/multiversx/mx-chain-vm-common-go/mock/userAccountMock.go:201.39,203.3 1 0
github.com/multiversx/mx-chain-vm-common-go/mock/userAccountMock.go:205.2,207.12 2 2
github.com/multiversx/mx-chain-vm-common-go/mock/userAccountMock.go:211.51,213.2 1 0
github.com/multiversx/mx-chain-vm-common-go/mock/userAccountMock.go:216.48,219.2 2 5
github.com/multiversx/mx-chain-vm-common-go/mock/userAccountMock.go:222.47,224.2 1 0
github.com/multiversx/mx-chain-vm-common-go/mock/userAccountMock.go:227.69,229.2 1 733
github.com/multiversx/mx-chain-vm-common-go/mock/userAccountMock.go:232.64,235.2 2 449
github.com/multiversx/mx-chain-vm-common-go/mock/userAccountMock.go:238.88,240.2 1 500
github.com/multiversx/mx-chain-vm-common-go/mock/userAccountMock.go:243.38,244.2 0 0
github.com/multiversx/mx-chain-vm-common-go/mock/userAccountMock.go:247.49,249.2 1 0
github.com/multiversx/mx-chain-vm-common-go/mock/userAccountMock.go:252.36,266.2 1 1
github.com/multiversx/mx-chain-vm-common-go/mock/userAccountMock.go:268.52,270.36 2 1
github.com/multiversx/mx-chain-vm-common-go/mock/userAccountMock.go:270.36,272.3 1 1
github.com/multiversx/mx-chain-vm-common-go/mock/userAccountMock.go:274.2,274.14 1 1
github.com/multiversx/mx-chain-vm-common-go/mock/userAccountMock.go:277.34,281.2 3 7
github.com/multiversx/mx-chain-vm-common-go/mock/userAccountStub.go:19.45,21.2 1 0
github.com/multiversx/mx-chain-vm-common-go/mock/userAccountStub.go:24.50,25.2 0 0
github.com/multiversx/mx-chain-vm-common-go/mock/userAccountStub.go:28.48,30.2 1 0
github.com/multiversx/mx-chain-vm-common-go/mock/userAccountStub.go:33.62,34.33 1 0
github.com/multiversx/mx-chain-vm-common-go/mock/userAccountStub.go:34.33,36.3 1 0
github.com/multiversx/mx-chain-vm-common-go/mock/userAccountStub.go:37.2,37.12 1 0
github.com/multiversx/mx-chain-vm-common-go/mock/userAccountStub.go:41.60,43.2 1 0
github.com/multiversx/mx-chain-vm-common-go/mock/userAccountStub.go:46.49,48.2 1 0
github.com/multiversx/mx-chain-vm-common-go/mock/userAccountStub.go:51.75,53.2 1 0
github.com/multiversx/mx-chain-vm-common-go/mock/userAccountStub.go:56.61,58.2 0 0
github.com/multiversx/mx-chain-vm-common-go/mock/userAccountStub.go:61.57,63.2 1 0
github.com/multiversx/mx-chain-vm-common-go/mock/userAccountStub.go:66.68,68.2 1 0
github.com/multiversx/mx-chain-vm-common-go/mock/userAccountStub.go:71.52,73.2 0 0
github.com/multiversx/mx-chain-vm-common-go/mock/userAccountStub.go:76.52,78.2 1 0
github.com/multiversx/mx-chain-vm-common-go/mock/userAccountStub.go:81.49,83.2 1 19
github.com/multiversx/mx-chain-vm-common-go/mock/userAccountStub.go:86.52,87.2 0 0
github.com/multiversx/mx-chain-vm-common-go/mock/userAccountStub.go:90.45,92.2 1 0
github.com/multiversx/mx-chain-vm-common-go/mock/userAccountStub.go:95.46,97.2 0 0
github.com/multiversx/mx-chain-vm-common-go/mock/userAccountStub.go:100.64,101.36 1 0
github.com/multiversx/mx-chain-vm-common-go/mock/userAccountStub.go:101.36,103.3 1 0
github.com/multiversx/mx-chain-vm-common-go/mock/userAccountStub.go:107.52,108.36 1 2
github.com/multiversx/mx-chain-vm-common-go/mock/userAccountStub.go:108.36,110.3 1 2
github.com/multiversx/mx-chain-vm-common-go/mock/userAccountStub.go:111.2,111.12 1 0
github.com/multiversx/mx-chain-vm-common-go/mock/userAccountStub.go:115.50,117.2 0 0
github.com/multiversx/mx-chain-vm-common-go/mock/userAccountStub.go:120.48,122.2 1 0
github.com/multiversx/mx-chain-vm-common-go/mock/userAccountStub.go:125.50,127.2 0 0
github.com/multiversx/mx-chain-vm-common-go/mock/userAccountStub.go:130.48,132.2 1 0
github.com/multiversx/mx-chain-vm-common-go/mock/userAccountStub.go:135.76,136.39 1 35
github.com/multiversx/mx-chain-vm-common-go/mock/userAccountStub.go:136.39,138.3 1 35
github.com/multiversx/mx-chain-vm-common-go/mock/userAccountStub.go:139.2,139.12 1 0
github.com/multiversx/mx-chain-vm-common-go/mock/userAccountStub.go:143.49,145.2 1 32
github.com/multiversx/mx-chain-vm-common-go/mock/withBlockDataHandlerStub.go:12.99,13.40 1 0
github.com/multiversx/mx-chain-vm-common-go/mock/withBlockDataHandlerStub.go:13.40,15.3 1 0
github.com/multiversx/mx-chain-vm-common-go/mock/withBlockDataHandlerStub.go:16.2,16.12 1 0
github.com/multiversx/mx-chain-vm-common-go/mock/withBlockDataHandlerStub.go:20.60,21.33 1 0
github.com/multiversx/mx-chain-vm-common-go/mock/withBlockDataHandlerStub.go:21.33,23.3 1 0
github.com/multiversx/mx-chain-vm-common-go/mock/withBlockDataHandlerStub.go:24.2,24.10 1 0
github.com/multiversx/mx-chain-vm-common-go/mock/withBlockDataHandlerStub.go:28.60,30.2 1 0
